RUN	simulations.RampUserSimulation		rampusersimulation	1572589577544	 	2.0
USER	Get Product Details	1	START	1572589584203	1572589584203
REQUEST	Get Product Details	1		Get all Product Details -->	1572589584231	1572589584249	OK	 
USER	Get Product Details	2	START	1572589585191	1572589585191
REQUEST	Get Product Details	2		Get all Product Details -->	1572589585191	1572589585201	OK	 
USER	Get Product Details	3	START	1572589586205	1572589586205
REQUEST	Get Product Details	3		Get all Product Details -->	1572589586205	1572589586215	OK	 
USER	Get Product Details	4	START	1572589587205	1572589587205
REQUEST	Get Product Details	4		Get all Product Details -->	1572589587205	1572589587213	OK	 
USER	Get Product Details	5	START	1572589587704	1572589587704
REQUEST	Get Product Details	5		Get all Product Details -->	1572589587704	1572589587712	OK	 
USER	Get Product Details	6	START	1572589588201	1572589588201
REQUEST	Get Product Details	6		Get all Product Details -->	1572589588201	1572589588209	OK	 
USER	Get Product Details	7	START	1572589588705	1572589588705
REQUEST	Get Product Details	7		Get all Product Details -->	1572589588705	1572589588713	OK	 
USER	Get Product Details	8	START	1572589589205	1572589589205
REQUEST	Get Product Details	8		Get all Product Details -->	1572589589205	1572589589212	OK	 
REQUEST	Get Product Details	1		Get Prduct Details by Id	1572589589271	1572589589279	OK	 
USER	Get Product Details	9	START	1572589589705	1572589589705
REQUEST	Get Product Details	9		Get all Product Details -->	1572589589705	1572589589712	OK	 
USER	Get Product Details	10	START	1572589590205	1572589590205
REQUEST	Get Product Details	10		Get all Product Details -->	1572589590205	1572589590212	OK	 
REQUEST	Get Product Details	2		Get Prduct Details by Id	1572589590226	1572589590235	OK	 
USER	Get Product Details	11	START	1572589590703	1572589590703
REQUEST	Get Product Details	11		Get all Product Details -->	1572589590703	1572589590710	OK	 
USER	Get Product Details	12	START	1572589591201	1572589591201
REQUEST	Get Product Details	12		Get all Product Details -->	1572589591201	1572589591209	OK	 
REQUEST	Get Product Details	3		Get Prduct Details by Id	1572589591221	1572589591228	OK	 
USER	Get Product Details	13	START	1572589591521	1572589591521
REQUEST	Get Product Details	13		Get all Product Details -->	1572589591522	1572589591544	OK	 
USER	Get Product Details	14	START	1572589591854	1572589591854
REQUEST	Get Product Details	14		Get all Product Details -->	1572589591854	1572589591861	OK	 
USER	Get Product Details	15	START	1572589592191	1572589592191
REQUEST	Get Product Details	15		Get all Product Details -->	1572589592191	1572589592198	OK	 
REQUEST	Get Product Details	4		Get Prduct Details by Id	1572589592221	1572589592228	OK	 
USER	Get Product Details	16	START	1572589592535	1572589592535
REQUEST	Get Product Details	16		Get all Product Details -->	1572589592535	1572589592543	OK	 
REQUEST	Get Product Details	5		Get Prduct Details by Id	1572589592722	1572589592729	OK	 
USER	Get Product Details	17	START	1572589592862	1572589592862
REQUEST	Get Product Details	17		Get all Product Details -->	1572589592862	1572589592871	OK	 
USER	Get Product Details	18	START	1572589593191	1572589593191
REQUEST	Get Product Details	18		Get all Product Details -->	1572589593191	1572589593198	OK	 
REQUEST	Get Product Details	6		Get Prduct Details by Id	1572589593223	1572589593228	OK	 
USER	Get Product Details	19	START	1572589593704	1572589593704
REQUEST	Get Product Details	19		Get all Product Details -->	1572589593704	1572589593711	OK	 
REQUEST	Get Product Details	7		Get Prduct Details by Id	1572589593725	1572589593730	OK	 
USER	Get Product Details	20	START	1572589594201	1572589594201
REQUEST	Get Product Details	20		Get all Product Details -->	1572589594201	1572589594207	OK	 
REQUEST	Get Product Details	8		Get Prduct Details by Id	1572589594221	1572589594228	OK	 
REQUEST	Get Product Details	1		Get all Product Details -->	1572589594272	1572589594279	OK	 
USER	Get Product Details	1	END	1572589584203	1572589594281
USER	Get Product Details	21	START	1572589594444	1572589594444
REQUEST	Get Product Details	21		Get all Product Details -->	1572589594444	1572589594450	OK	 
USER	Get Product Details	22	START	1572589594694	1572589594694
REQUEST	Get Product Details	22		Get all Product Details -->	1572589594694	1572589594701	OK	 
REQUEST	Get Product Details	9		Get Prduct Details by Id	1572589594726	1572589594731	OK	 
USER	Get Product Details	23	START	1572589594945	1572589594945
REQUEST	Get Product Details	23		Get all Product Details -->	1572589594945	1572589594952	OK	 
USER	Get Product Details	24	START	1572589595193	1572589595193
REQUEST	Get Product Details	24		Get all Product Details -->	1572589595193	1572589595199	OK	 
REQUEST	Get Product Details	2		Get all Product Details -->	1572589595225	1572589595229	OK	 
USER	Get Product Details	2	END	1572589585191	1572589595230
REQUEST	Get Product Details	10		Get Prduct Details by Id	1572589595225	1572589595231	OK	 
USER	Get Product Details	25	START	1572589595531	1572589595531
REQUEST	Get Product Details	25		Get all Product Details -->	1572589595531	1572589595539	OK	 
REQUEST	Get Product Details	11		Get Prduct Details by Id	1572589595725	1572589595730	OK	 
USER	Get Product Details	26	START	1572589595875	1572589595875
REQUEST	Get Product Details	26		Get all Product Details -->	1572589595875	1572589595882	OK	 
USER	Get Product Details	27	START	1572589596204	1572589596204
REQUEST	Get Product Details	27		Get all Product Details -->	1572589596204	1572589596210	OK	 
REQUEST	Get Product Details	12		Get Prduct Details by Id	1572589596225	1572589596230	OK	 
REQUEST	Get Product Details	3		Get all Product Details -->	1572589596241	1572589596246	OK	 
USER	Get Product Details	3	END	1572589586205	1572589596247
USER	Get Product Details	28	START	1572589596534	1572589596534
REQUEST	Get Product Details	28		Get all Product Details -->	1572589596534	1572589596540	OK	 
REQUEST	Get Product Details	13		Get Prduct Details by Id	1572589596565	1572589596570	OK	 
USER	Get Product Details	29	START	1572589596871	1572589596871
REQUEST	Get Product Details	29		Get all Product Details -->	1572589596871	1572589596875	OK	 
REQUEST	Get Product Details	14		Get Prduct Details by Id	1572589596871	1572589596878	OK	 
USER	Get Product Details	30	START	1572589597206	1572589597206
REQUEST	Get Product Details	30		Get all Product Details -->	1572589597206	1572589597211	OK	 
REQUEST	Get Product Details	15		Get Prduct Details by Id	1572589597206	1572589597213	OK	 
REQUEST	Get Product Details	4		Get all Product Details -->	1572589597241	1572589597247	OK	 
USER	Get Product Details	4	END	1572589587205	1572589597248
USER	Get Product Details	31	START	1572589597452	1572589597452
REQUEST	Get Product Details	31		Get all Product Details -->	1572589597452	1572589597458	OK	 
REQUEST	Get Product Details	16		Get Prduct Details by Id	1572589597552	1572589597557	OK	 
USER	Get Product Details	32	START	1572589597705	1572589597705
REQUEST	Get Product Details	32		Get all Product Details -->	1572589597705	1572589597711	OK	 
REQUEST	Get Product Details	5		Get all Product Details -->	1572589597731	1572589597736	OK	 
USER	Get Product Details	5	END	1572589587704	1572589597736
REQUEST	Get Product Details	17		Get Prduct Details by Id	1572589597882	1572589597889	OK	 
USER	Get Product Details	33	START	1572589597955	1572589597955
REQUEST	Get Product Details	33		Get all Product Details -->	1572589597955	1572589597963	OK	 
USER	Get Product Details	34	START	1572589598205	1572589598205
REQUEST	Get Product Details	34		Get all Product Details -->	1572589598205	1572589598212	OK	 
REQUEST	Get Product Details	18		Get Prduct Details by Id	1572589598216	1572589598222	OK	 
REQUEST	Get Product Details	6		Get all Product Details -->	1572589598231	1572589598236	OK	 
USER	Get Product Details	6	END	1572589588201	1572589598236
USER	Get Product Details	35	START	1572589598454	1572589598454
REQUEST	Get Product Details	35		Get all Product Details -->	1572589598454	1572589598462	OK	 
USER	Get Product Details	36	START	1572589598705	1572589598705
REQUEST	Get Product Details	36		Get all Product Details -->	1572589598705	1572589598711	OK	 
REQUEST	Get Product Details	19		Get Prduct Details by Id	1572589598726	1572589598731	OK	 
REQUEST	Get Product Details	7		Get all Product Details -->	1572589598731	1572589598736	OK	 
USER	Get Product Details	7	END	1572589588705	1572589598737
USER	Get Product Details	37	START	1572589598954	1572589598954
REQUEST	Get Product Details	37		Get all Product Details -->	1572589598954	1572589598960	OK	 
USER	Get Product Details	38	START	1572589599204	1572589599204
REQUEST	Get Product Details	38		Get all Product Details -->	1572589599204	1572589599213	OK	 
REQUEST	Get Product Details	20		Get Prduct Details by Id	1572589599214	1572589599220	OK	 
REQUEST	Get Product Details	8		Get all Product Details -->	1572589599241	1572589599249	OK	 
USER	Get Product Details	8	END	1572589589205	1572589599250
USER	Get Product Details	39	START	1572589599451	1572589599451
REQUEST	Get Product Details	39		Get all Product Details -->	1572589599451	1572589599457	OK	 
REQUEST	Get Product Details	21		Get Prduct Details by Id	1572589599461	1572589599466	OK	 
USER	Get Product Details	40	START	1572589599704	1572589599704
REQUEST	Get Product Details	40		Get all Product Details -->	1572589599704	1572589599711	OK	 
REQUEST	Get Product Details	22		Get Prduct Details by Id	1572589599714	1572589599721	OK	 
REQUEST	Get Product Details	9		Get all Product Details -->	1572589599741	1572589599749	OK	 
USER	Get Product Details	9	END	1572589589705	1572589599750
USER	Get Product Details	41	START	1572589599955	1572589599955
REQUEST	Get Product Details	41		Get all Product Details -->	1572589599955	1572589599963	OK	 
REQUEST	Get Product Details	23		Get Prduct Details by Id	1572589599965	1572589599972	OK	 
USER	Get Product Details	42	START	1572589600206	1572589600206
REQUEST	Get Product Details	42		Get all Product Details -->	1572589600206	1572589600214	OK	 
REQUEST	Get Product Details	24		Get Prduct Details by Id	1572589600211	1572589600216	OK	 
REQUEST	Get Product Details	10		Get all Product Details -->	1572589600231	1572589600236	OK	 
USER	Get Product Details	10	END	1572589590205	1572589600237
USER	Get Product Details	43	START	1572589600454	1572589600454
REQUEST	Get Product Details	43		Get all Product Details -->	1572589600454	1572589600460	OK	 
REQUEST	Get Product Details	25		Get Prduct Details by Id	1572589600555	1572589600560	OK	 
USER	Get Product Details	44	START	1572589600701	1572589600701
REQUEST	Get Product Details	44		Get all Product Details -->	1572589600701	1572589600707	OK	 
REQUEST	Get Product Details	11		Get all Product Details -->	1572589600733	1572589600738	OK	 
USER	Get Product Details	11	END	1572589590703	1572589600739
REQUEST	Get Product Details	26		Get Prduct Details by Id	1572589600894	1572589600899	OK	 
USER	Get Product Details	45	START	1572589600951	1572589600951
REQUEST	Get Product Details	45		Get all Product Details -->	1572589600951	1572589600957	OK	 
USER	Get Product Details	46	START	1572589601201	1572589601201
REQUEST	Get Product Details	46		Get all Product Details -->	1572589601201	1572589601207	OK	 
REQUEST	Get Product Details	27		Get Prduct Details by Id	1572589601222	1572589601227	OK	 
REQUEST	Get Product Details	12		Get all Product Details -->	1572589601232	1572589601238	OK	 
USER	Get Product Details	12	END	1572589591201	1572589601238
USER	Get Product Details	47	START	1572589601405	1572589601405
REQUEST	Get Product Details	47		Get all Product Details -->	1572589601405	1572589601411	OK	 
REQUEST	Get Product Details	28		Get Prduct Details by Id	1572589601551	1572589601556	OK	 
REQUEST	Get Product Details	13		Get all Product Details -->	1572589601562	1572589601566	OK	 
USER	Get Product Details	13	END	1572589591521	1572589601567
USER	Get Product Details	48	START	1572589601603	1572589601603
REQUEST	Get Product Details	48		Get all Product Details -->	1572589601603	1572589601609	OK	 
USER	Get Product Details	49	START	1572589601804	1572589601804
REQUEST	Get Product Details	49		Get all Product Details -->	1572589601804	1572589601810	OK	 
REQUEST	Get Product Details	14		Get all Product Details -->	1572589601881	1572589601885	OK	 
USER	Get Product Details	14	END	1572589591854	1572589601886
REQUEST	Get Product Details	29		Get Prduct Details by Id	1572589601891	1572589601895	OK	 
USER	Get Product Details	50	START	1572589602001	1572589602001
REQUEST	Get Product Details	50		Get all Product Details -->	1572589602001	1572589602007	OK	 
USER	Get Product Details	51	START	1572589602203	1572589602203
REQUEST	Get Product Details	51		Get all Product Details -->	1572589602203	1572589602209	OK	 
REQUEST	Get Product Details	15		Get all Product Details -->	1572589602225	1572589602229	OK	 
REQUEST	Get Product Details	30		Get Prduct Details by Id	1572589602225	1572589602229	OK	 
USER	Get Product Details	15	END	1572589592191	1572589602230
USER	Get Product Details	52	START	1572589602402	1572589602402
REQUEST	Get Product Details	52		Get all Product Details -->	1572589602402	1572589602406	OK	 
REQUEST	Get Product Details	31		Get Prduct Details by Id	1572589602471	1572589602475	OK	 
REQUEST	Get Product Details	16		Get all Product Details -->	1572589602564	1572589602567	OK	 
USER	Get Product Details	16	END	1572589592535	1572589602568
USER	Get Product Details	53	START	1572589602605	1572589602605
REQUEST	Get Product Details	53		Get all Product Details -->	1572589602605	1572589602610	OK	 
REQUEST	Get Product Details	32		Get Prduct Details by Id	1572589602725	1572589602729	OK	 
USER	Get Product Details	54	START	1572589602802	1572589602802
REQUEST	Get Product Details	54		Get all Product Details -->	1572589602802	1572589602807	OK	 
REQUEST	Get Product Details	17		Get all Product Details -->	1572589602891	1572589602894	OK	 
USER	Get Product Details	17	END	1572589592862	1572589602895
REQUEST	Get Product Details	33		Get Prduct Details by Id	1572589602975	1572589602979	OK	 
USER	Get Product Details	55	START	1572589603001	1572589603001
REQUEST	Get Product Details	55		Get all Product Details -->	1572589603001	1572589603005	OK	 
USER	Get Product Details	56	START	1572589603203	1572589603203
REQUEST	Get Product Details	56		Get all Product Details -->	1572589603203	1572589603208	OK	 
REQUEST	Get Product Details	18		Get all Product Details -->	1572589603225	1572589603228	OK	 
USER	Get Product Details	18	END	1572589593191	1572589603229
REQUEST	Get Product Details	34		Get Prduct Details by Id	1572589603225	1572589603231	OK	 
USER	Get Product Details	57	START	1572589603406	1572589603406
REQUEST	Get Product Details	57		Get all Product Details -->	1572589603406	1572589603411	OK	 
REQUEST	Get Product Details	35		Get Prduct Details by Id	1572589603474	1572589603477	OK	 
USER	Get Product Details	58	START	1572589603604	1572589603604
REQUEST	Get Product Details	58		Get all Product Details -->	1572589603604	1572589603609	OK	 
REQUEST	Get Product Details	36		Get Prduct Details by Id	1572589603724	1572589603728	OK	 
REQUEST	Get Product Details	19		Get all Product Details -->	1572589603745	1572589603748	OK	 
USER	Get Product Details	19	END	1572589593704	1572589603749
USER	Get Product Details	59	START	1572589603801	1572589603801
REQUEST	Get Product Details	59		Get all Product Details -->	1572589603801	1572589603806	OK	 
REQUEST	Get Product Details	37		Get Prduct Details by Id	1572589603975	1572589603978	OK	 
USER	Get Product Details	60	START	1572589604006	1572589604006
REQUEST	Get Product Details	60		Get all Product Details -->	1572589604006	1572589604010	OK	 
REQUEST	Get Product Details	20		Get all Product Details -->	1572589604231	1572589604235	OK	 
REQUEST	Get Product Details	38		Get Prduct Details by Id	1572589604231	1572589604234	OK	 
USER	Get Product Details	20	END	1572589594201	1572589604235
REQUEST	Get Product Details	39		Get Prduct Details by Id	1572589604463	1572589604467	OK	 
REQUEST	Get Product Details	21		Get all Product Details -->	1572589604473	1572589604476	OK	 
USER	Get Product Details	21	END	1572589594444	1572589604477
REQUEST	Get Product Details	40		Get Prduct Details by Id	1572589604724	1572589604727	OK	 
REQUEST	Get Product Details	22		Get all Product Details -->	1572589604724	1572589604728	OK	 
USER	Get Product Details	22	END	1572589594694	1572589604728
REQUEST	Get Product Details	23		Get all Product Details -->	1572589604975	1572589604978	OK	 
USER	Get Product Details	23	END	1572589594945	1572589604979
REQUEST	Get Product Details	41		Get Prduct Details by Id	1572589604975	1572589604980	OK	 
REQUEST	Get Product Details	24		Get all Product Details -->	1572589605211	1572589605215	OK	 
USER	Get Product Details	24	END	1572589595193	1572589605215
REQUEST	Get Product Details	42		Get Prduct Details by Id	1572589605221	1572589605224	OK	 
REQUEST	Get Product Details	43		Get Prduct Details by Id	1572589605471	1572589605474	OK	 
REQUEST	Get Product Details	25		Get all Product Details -->	1572589605564	1572589605567	OK	 
USER	Get Product Details	25	END	1572589595531	1572589605568
REQUEST	Get Product Details	44		Get Prduct Details by Id	1572589605724	1572589605728	OK	 
REQUEST	Get Product Details	26		Get all Product Details -->	1572589605901	1572589605904	OK	 
USER	Get Product Details	26	END	1572589595875	1572589605905
REQUEST	Get Product Details	45		Get Prduct Details by Id	1572589605963	1572589605967	OK	 
REQUEST	Get Product Details	46		Get Prduct Details by Id	1572589606223	1572589606227	OK	 
REQUEST	Get Product Details	27		Get all Product Details -->	1572589606234	1572589606237	OK	 
USER	Get Product Details	27	END	1572589596204	1572589606238
REQUEST	Get Product Details	47		Get Prduct Details by Id	1572589606422	1572589606425	OK	 
REQUEST	Get Product Details	28		Get all Product Details -->	1572589606565	1572589606568	OK	 
USER	Get Product Details	28	END	1572589596534	1572589606569
REQUEST	Get Product Details	48		Get Prduct Details by Id	1572589606623	1572589606627	OK	 
REQUEST	Get Product Details	49		Get Prduct Details by Id	1572589606823	1572589606826	OK	 
REQUEST	Get Product Details	29		Get all Product Details -->	1572589606895	1572589606898	OK	 
USER	Get Product Details	29	END	1572589596871	1572589606899
REQUEST	Get Product Details	50		Get Prduct Details by Id	1572589607014	1572589607017	OK	 
REQUEST	Get Product Details	51		Get Prduct Details by Id	1572589607221	1572589607225	OK	 
REQUEST	Get Product Details	30		Get all Product Details -->	1572589607231	1572589607234	OK	 
USER	Get Product Details	30	END	1572589597206	1572589607235
REQUEST	Get Product Details	52		Get Prduct Details by Id	1572589607421	1572589607424	OK	 
REQUEST	Get Product Details	31		Get all Product Details -->	1572589607483	1572589607486	OK	 
USER	Get Product Details	31	END	1572589597452	1572589607487
REQUEST	Get Product Details	53		Get Prduct Details by Id	1572589607624	1572589607628	OK	 
REQUEST	Get Product Details	32		Get all Product Details -->	1572589607731	1572589607734	OK	 
USER	Get Product Details	32	END	1572589597705	1572589607735
REQUEST	Get Product Details	54		Get Prduct Details by Id	1572589607825	1572589607829	OK	 
REQUEST	Get Product Details	33		Get all Product Details -->	1572589607981	1572589607984	OK	 
USER	Get Product Details	33	END	1572589597955	1572589607985
REQUEST	Get Product Details	55		Get Prduct Details by Id	1572589608012	1572589608016	OK	 
REQUEST	Get Product Details	56		Get Prduct Details by Id	1572589608221	1572589608224	OK	 
REQUEST	Get Product Details	34		Get all Product Details -->	1572589608231	1572589608234	OK	 
USER	Get Product Details	34	END	1572589598205	1572589608235
REQUEST	Get Product Details	57		Get Prduct Details by Id	1572589608421	1572589608424	OK	 
REQUEST	Get Product Details	35		Get all Product Details -->	1572589608484	1572589608487	OK	 
USER	Get Product Details	35	END	1572589598454	1572589608488
REQUEST	Get Product Details	58		Get Prduct Details by Id	1572589608623	1572589608626	OK	 
REQUEST	Get Product Details	36		Get all Product Details -->	1572589608734	1572589608737	OK	 
USER	Get Product Details	36	END	1572589598705	1572589608738
REQUEST	Get Product Details	59		Get Prduct Details by Id	1572589608822	1572589608826	OK	 
REQUEST	Get Product Details	37		Get all Product Details -->	1572589608984	1572589608988	OK	 
USER	Get Product Details	37	END	1572589598954	1572589608988
REQUEST	Get Product Details	60		Get Prduct Details by Id	1572589609021	1572589609025	OK	 
REQUEST	Get Product Details	38		Get all Product Details -->	1572589609245	1572589609248	OK	 
USER	Get Product Details	38	END	1572589599204	1572589609249
REQUEST	Get Product Details	39		Get all Product Details -->	1572589609482	1572589609485	OK	 
USER	Get Product Details	39	END	1572589599451	1572589609486
REQUEST	Get Product Details	40		Get all Product Details -->	1572589609732	1572589609735	OK	 
USER	Get Product Details	40	END	1572589599704	1572589609736
REQUEST	Get Product Details	41		Get all Product Details -->	1572589609983	1572589609986	OK	 
USER	Get Product Details	41	END	1572589599955	1572589609987
REQUEST	Get Product Details	42		Get all Product Details -->	1572589610248	1572589610251	OK	 
USER	Get Product Details	42	END	1572589600206	1572589610252
REQUEST	Get Product Details	43		Get all Product Details -->	1572589610481	1572589610484	OK	 
USER	Get Product Details	43	END	1572589600454	1572589610485
REQUEST	Get Product Details	44		Get all Product Details -->	1572589610731	1572589610734	OK	 
USER	Get Product Details	44	END	1572589600701	1572589610735
REQUEST	Get Product Details	45		Get all Product Details -->	1572589610981	1572589610984	OK	 
USER	Get Product Details	45	END	1572589600951	1572589610985
REQUEST	Get Product Details	46		Get all Product Details -->	1572589611231	1572589611234	OK	 
USER	Get Product Details	46	END	1572589601201	1572589611235
REQUEST	Get Product Details	47		Get all Product Details -->	1572589611435	1572589611438	OK	 
USER	Get Product Details	47	END	1572589601405	1572589611439
REQUEST	Get Product Details	48		Get all Product Details -->	1572589611634	1572589611637	OK	 
USER	Get Product Details	48	END	1572589601603	1572589611638
REQUEST	Get Product Details	49		Get all Product Details -->	1572589611831	1572589611834	OK	 
USER	Get Product Details	49	END	1572589601804	1572589611835
REQUEST	Get Product Details	50		Get all Product Details -->	1572589612035	1572589612038	OK	 
USER	Get Product Details	50	END	1572589602001	1572589612039
REQUEST	Get Product Details	51		Get all Product Details -->	1572589612222	1572589612225	OK	 
USER	Get Product Details	51	END	1572589602203	1572589612226
REQUEST	Get Product Details	52		Get all Product Details -->	1572589612432	1572589612435	OK	 
USER	Get Product Details	52	END	1572589602402	1572589612436
REQUEST	Get Product Details	53		Get all Product Details -->	1572589612635	1572589612638	OK	 
USER	Get Product Details	53	END	1572589602605	1572589612639
REQUEST	Get Product Details	54		Get all Product Details -->	1572589612834	1572589612838	OK	 
USER	Get Product Details	54	END	1572589602802	1572589612838
REQUEST	Get Product Details	55		Get all Product Details -->	1572589613031	1572589613034	OK	 
USER	Get Product Details	55	END	1572589603001	1572589613035
REQUEST	Get Product Details	56		Get all Product Details -->	1572589613224	1572589613227	OK	 
USER	Get Product Details	56	END	1572589603203	1572589613228
REQUEST	Get Product Details	57		Get all Product Details -->	1572589613426	1572589613429	OK	 
USER	Get Product Details	57	END	1572589603406	1572589613430
REQUEST	Get Product Details	58		Get all Product Details -->	1572589613635	1572589613638	OK	 
USER	Get Product Details	58	END	1572589603604	1572589613639
REQUEST	Get Product Details	59		Get all Product Details -->	1572589613831	1572589613834	OK	 
USER	Get Product Details	59	END	1572589603801	1572589613835
REQUEST	Get Product Details	60		Get all Product Details -->	1572589614024	1572589614028	OK	 
USER	Get Product Details	60	END	1572589604006	1572589614028
