RUN	simulations.RampUserSimulation		rampusersimulation	1572588851773	 	2.0
USER	Get Product Details	1	START	1572588858404	1572588858404
REQUEST	Get Product Details	1		Get all Product Details -->	1572588858453	1572588858553	OK	 
USER	Get Product Details	2	START	1572588859385	1572588859385
REQUEST	Get Product Details	2		Get all Product Details -->	1572588859386	1572588859404	OK	 
USER	Get Product Details	3	START	1572588860383	1572588860383
REQUEST	Get Product Details	3		Get all Product Details -->	1572588860383	1572588860409	OK	 
USER	Get Product Details	4	START	1572588861400	1572588861400
REQUEST	Get Product Details	4		Get all Product Details -->	1572588861400	1572588861410	OK	 
USER	Get Product Details	5	START	1572588861883	1572588861883
REQUEST	Get Product Details	5		Get all Product Details -->	1572588861884	1572588861900	OK	 
USER	Get Product Details	6	START	1572588862381	1572588862381
REQUEST	Get Product Details	6		Get all Product Details -->	1572588862381	1572588862390	OK	 
USER	Get Product Details	7	START	1572588862883	1572588862883
REQUEST	Get Product Details	7		Get all Product Details -->	1572588862884	1572588862891	OK	 
USER	Get Product Details	8	START	1572588863380	1572588863380
REQUEST	Get Product Details	8		Get all Product Details -->	1572588863381	1572588863387	OK	 
REQUEST	Get Product Details	1		Get Prduct Details by Id	1572588863574	1572588863597	OK	 
USER	Get Product Details	9	START	1572588863904	1572588863904
REQUEST	Get Product Details	9		Get all Product Details -->	1572588863905	1572588863912	OK	 
USER	Get Product Details	10	START	1572588864394	1572588864394
REQUEST	Get Product Details	10		Get all Product Details -->	1572588864394	1572588864400	OK	 
REQUEST	Get Product Details	2		Get Prduct Details by Id	1572588864420	1572588864425	OK	 
USER	Get Product Details	11	START	1572588864895	1572588864895
REQUEST	Get Product Details	11		Get all Product Details -->	1572588864896	1572588864903	OK	 
USER	Get Product Details	12	START	1572588865392	1572588865392
REQUEST	Get Product Details	12		Get all Product Details -->	1572588865393	1572588865400	OK	 
REQUEST	Get Product Details	3		Get Prduct Details by Id	1572588865425	1572588865431	OK	 
USER	Get Product Details	13	START	1572588865734	1572588865734
REQUEST	Get Product Details	13		Get all Product Details -->	1572588865735	1572588865741	OK	 
USER	Get Product Details	14	START	1572588866063	1572588866063
REQUEST	Get Product Details	14		Get all Product Details -->	1572588866065	1572588866090	OK	 
USER	Get Product Details	15	START	1572588866400	1572588866400
REQUEST	Get Product Details	15		Get all Product Details -->	1572588866401	1572588866407	OK	 
REQUEST	Get Product Details	4		Get Prduct Details by Id	1572588866423	1572588866429	OK	 
USER	Get Product Details	16	START	1572588866731	1572588866731
REQUEST	Get Product Details	16		Get all Product Details -->	1572588866732	1572588866738	OK	 
REQUEST	Get Product Details	5		Get Prduct Details by Id	1572588866911	1572588866917	OK	 
USER	Get Product Details	17	START	1572588867062	1572588867062
REQUEST	Get Product Details	17		Get all Product Details -->	1572588867063	1572588867071	OK	 
USER	Get Product Details	18	START	1572588867402	1572588867402
REQUEST	Get Product Details	6		Get Prduct Details by Id	1572588867403	1572588867409	OK	 
REQUEST	Get Product Details	18		Get all Product Details -->	1572588867403	1572588867411	OK	 
USER	Get Product Details	19	START	1572588867901	1572588867901
REQUEST	Get Product Details	19		Get all Product Details -->	1572588867902	1572588867907	OK	 
REQUEST	Get Product Details	7		Get Prduct Details by Id	1572588867902	1572588867908	OK	 
USER	Get Product Details	20	START	1572588868404	1572588868404
REQUEST	Get Product Details	20		Get all Product Details -->	1572588868405	1572588868410	OK	 
REQUEST	Get Product Details	8		Get Prduct Details by Id	1572588868405	1572588868411	OK	 
REQUEST	Get Product Details	1		Get all Product Details -->	1572588868594	1572588868599	OK	 
USER	Get Product Details	1	END	1572588858404	1572588868602
USER	Get Product Details	21	START	1572588868651	1572588868651
REQUEST	Get Product Details	21		Get all Product Details -->	1572588868652	1572588868658	OK	 
USER	Get Product Details	22	START	1572588868900	1572588868900
REQUEST	Get Product Details	22		Get all Product Details -->	1572588868900	1572588868912	OK	 
REQUEST	Get Product Details	9		Get Prduct Details by Id	1572588868922	1572588868927	OK	 
USER	Get Product Details	23	START	1572588869151	1572588869151
REQUEST	Get Product Details	23		Get all Product Details -->	1572588869151	1572588869157	OK	 
USER	Get Product Details	24	START	1572588869400	1572588869400
REQUEST	Get Product Details	24		Get all Product Details -->	1572588869400	1572588869406	OK	 
REQUEST	Get Product Details	10		Get Prduct Details by Id	1572588869411	1572588869416	OK	 
REQUEST	Get Product Details	2		Get all Product Details -->	1572588869421	1572588869425	OK	 
USER	Get Product Details	2	END	1572588859385	1572588869426
USER	Get Product Details	25	START	1572588869720	1572588869720
REQUEST	Get Product Details	25		Get all Product Details -->	1572588869721	1572588869727	OK	 
REQUEST	Get Product Details	11		Get Prduct Details by Id	1572588869920	1572588869928	OK	 
USER	Get Product Details	26	START	1572588870052	1572588870052
REQUEST	Get Product Details	26		Get all Product Details -->	1572588870052	1572588870058	OK	 
USER	Get Product Details	27	START	1572588870393	1572588870393
REQUEST	Get Product Details	27		Get all Product Details -->	1572588870393	1572588870400	OK	 
REQUEST	Get Product Details	12		Get Prduct Details by Id	1572588870414	1572588870422	OK	 
REQUEST	Get Product Details	3		Get all Product Details -->	1572588870436	1572588870441	OK	 
USER	Get Product Details	3	END	1572588860383	1572588870441
USER	Get Product Details	28	START	1572588870735	1572588870735
REQUEST	Get Product Details	28		Get all Product Details -->	1572588870735	1572588870741	OK	 
REQUEST	Get Product Details	13		Get Prduct Details by Id	1572588870750	1572588870755	OK	 
USER	Get Product Details	29	START	1572588871062	1572588871062
REQUEST	Get Product Details	29		Get all Product Details -->	1572588871062	1572588871068	OK	 
REQUEST	Get Product Details	14		Get Prduct Details by Id	1572588871103	1572588871109	OK	 
USER	Get Product Details	30	START	1572588871403	1572588871403
REQUEST	Get Product Details	30		Get all Product Details -->	1572588871403	1572588871408	OK	 
REQUEST	Get Product Details	15		Get Prduct Details by Id	1572588871425	1572588871431	OK	 
REQUEST	Get Product Details	4		Get all Product Details -->	1572588871435	1572588871440	OK	 
USER	Get Product Details	4	END	1572588861400	1572588871441
USER	Get Product Details	31	START	1572588871655	1572588871655
REQUEST	Get Product Details	31		Get all Product Details -->	1572588871656	1572588871661	OK	 
REQUEST	Get Product Details	16		Get Prduct Details by Id	1572588871754	1572588871760	OK	 
USER	Get Product Details	32	START	1572588871904	1572588871904
REQUEST	Get Product Details	32		Get all Product Details -->	1572588871904	1572588871915	OK	 
REQUEST	Get Product Details	5		Get all Product Details -->	1572588871935	1572588871944	OK	 
USER	Get Product Details	5	END	1572588861883	1572588871945
REQUEST	Get Product Details	17		Get Prduct Details by Id	1572588872080	1572588872088	OK	 
USER	Get Product Details	33	START	1572588872152	1572588872152
REQUEST	Get Product Details	33		Get all Product Details -->	1572588872152	1572588872160	OK	 
USER	Get Product Details	34	START	1572588872400	1572588872400
REQUEST	Get Product Details	34		Get all Product Details -->	1572588872401	1572588872407	OK	 
REQUEST	Get Product Details	6		Get all Product Details -->	1572588872412	1572588872417	OK	 
USER	Get Product Details	6	END	1572588862381	1572588872418
REQUEST	Get Product Details	18		Get Prduct Details by Id	1572588872423	1572588872429	OK	 
USER	Get Product Details	35	START	1572588872652	1572588872652
REQUEST	Get Product Details	35		Get all Product Details -->	1572588872653	1572588872673	OK	 
USER	Get Product Details	36	START	1572588872901	1572588872901
REQUEST	Get Product Details	36		Get all Product Details -->	1572588872901	1572588872922	OK	 
REQUEST	Get Product Details	7		Get all Product Details -->	1572588872914	1572588872932	OK	 
USER	Get Product Details	7	END	1572588862883	1572588872933
REQUEST	Get Product Details	19		Get Prduct Details by Id	1572588872934	1572588872941	OK	 
USER	Get Product Details	37	START	1572588873154	1572588873154
REQUEST	Get Product Details	37		Get all Product Details -->	1572588873154	1572588873170	OK	 
USER	Get Product Details	38	START	1572588873400	1572588873400
REQUEST	Get Product Details	38		Get all Product Details -->	1572588873400	1572588873405	OK	 
REQUEST	Get Product Details	8		Get all Product Details -->	1572588873411	1572588873416	OK	 
USER	Get Product Details	8	END	1572588863380	1572588873417
REQUEST	Get Product Details	20		Get Prduct Details by Id	1572588873421	1572588873426	OK	 
USER	Get Product Details	39	START	1572588873641	1572588873641
REQUEST	Get Product Details	39		Get all Product Details -->	1572588873642	1572588873661	OK	 
REQUEST	Get Product Details	21		Get Prduct Details by Id	1572588873674	1572588873688	OK	 
USER	Get Product Details	40	START	1572588873895	1572588873895
REQUEST	Get Product Details	40		Get all Product Details -->	1572588873896	1572588873903	OK	 
REQUEST	Get Product Details	9		Get all Product Details -->	1572588873931	1572588873939	OK	 
USER	Get Product Details	9	END	1572588863904	1572588873939
REQUEST	Get Product Details	22		Get Prduct Details by Id	1572588873931	1572588873941	OK	 
USER	Get Product Details	41	START	1572588874143	1572588874143
REQUEST	Get Product Details	41		Get all Product Details -->	1572588874143	1572588874149	OK	 
REQUEST	Get Product Details	23		Get Prduct Details by Id	1572588874175	1572588874182	OK	 
USER	Get Product Details	42	START	1572588874390	1572588874390
REQUEST	Get Product Details	42		Get all Product Details -->	1572588874390	1572588874396	OK	 
REQUEST	Get Product Details	24		Get Prduct Details by Id	1572588874421	1572588874425	OK	 
REQUEST	Get Product Details	10		Get all Product Details -->	1572588874421	1572588874425	OK	 
USER	Get Product Details	10	END	1572588864394	1572588874426
USER	Get Product Details	43	START	1572588874633	1572588874633
REQUEST	Get Product Details	43		Get all Product Details -->	1572588874634	1572588874654	OK	 
REQUEST	Get Product Details	25		Get Prduct Details by Id	1572588874742	1572588874758	OK	 
USER	Get Product Details	44	START	1572588874881	1572588874881
REQUEST	Get Product Details	44		Get all Product Details -->	1572588874881	1572588874896	OK	 
REQUEST	Get Product Details	11		Get all Product Details -->	1572588874932	1572588874941	OK	 
USER	Get Product Details	11	END	1572588864895	1572588874942
REQUEST	Get Product Details	26		Get Prduct Details by Id	1572588875071	1572588875078	OK	 
USER	Get Product Details	45	START	1572588875135	1572588875135
REQUEST	Get Product Details	45		Get all Product Details -->	1572588875135	1572588875155	OK	 
USER	Get Product Details	46	START	1572588875386	1572588875386
REQUEST	Get Product Details	46		Get all Product Details -->	1572588875386	1572588875405	OK	 
REQUEST	Get Product Details	27		Get Prduct Details by Id	1572588875411	1572588875426	OK	 
REQUEST	Get Product Details	12		Get all Product Details -->	1572588875423	1572588875433	OK	 
USER	Get Product Details	12	END	1572588865392	1572588875436
USER	Get Product Details	47	START	1572588875595	1572588875595
REQUEST	Get Product Details	47		Get all Product Details -->	1572588875595	1572588875604	OK	 
REQUEST	Get Product Details	13		Get all Product Details -->	1572588875762	1572588875772	OK	 
USER	Get Product Details	13	END	1572588865734	1572588875774
REQUEST	Get Product Details	28		Get Prduct Details by Id	1572588875750	1572588875774	OK	 
USER	Get Product Details	48	START	1572588875791	1572588875791
REQUEST	Get Product Details	48		Get all Product Details -->	1572588875791	1572588875799	OK	 
USER	Get Product Details	49	START	1572588875990	1572588875990
REQUEST	Get Product Details	49		Get all Product Details -->	1572588875990	1572588876008	OK	 
REQUEST	Get Product Details	29		Get Prduct Details by Id	1572588876084	1572588876097	OK	 
REQUEST	Get Product Details	14		Get all Product Details -->	1572588876110	1572588876125	OK	 
USER	Get Product Details	14	END	1572588866063	1572588876127
USER	Get Product Details	50	START	1572588876190	1572588876190
REQUEST	Get Product Details	50		Get all Product Details -->	1572588876190	1572588876198	OK	 
USER	Get Product Details	51	START	1572588876393	1572588876393
REQUEST	Get Product Details	51		Get all Product Details -->	1572588876393	1572588876398	OK	 
REQUEST	Get Product Details	30		Get Prduct Details by Id	1572588876424	1572588876428	OK	 
REQUEST	Get Product Details	15		Get all Product Details -->	1572588876435	1572588876439	OK	 
USER	Get Product Details	15	END	1572588866400	1572588876440
USER	Get Product Details	52	START	1572588876602	1572588876602
REQUEST	Get Product Details	52		Get all Product Details -->	1572588876603	1572588876618	OK	 
REQUEST	Get Product Details	31		Get Prduct Details by Id	1572588876680	1572588876689	OK	 
REQUEST	Get Product Details	16		Get all Product Details -->	1572588876763	1572588876771	OK	 
USER	Get Product Details	16	END	1572588866731	1572588876772
USER	Get Product Details	53	START	1572588876804	1572588876804
REQUEST	Get Product Details	53		Get all Product Details -->	1572588876804	1572588876815	OK	 
REQUEST	Get Product Details	32		Get Prduct Details by Id	1572588876930	1572588876935	OK	 
USER	Get Product Details	54	START	1572588877003	1572588877003
REQUEST	Get Product Details	54		Get all Product Details -->	1572588877003	1572588877009	OK	 
REQUEST	Get Product Details	17		Get all Product Details -->	1572588877090	1572588877096	OK	 
USER	Get Product Details	17	END	1572588867062	1572588877097
REQUEST	Get Product Details	33		Get Prduct Details by Id	1572588877170	1572588877176	OK	 
USER	Get Product Details	55	START	1572588877200	1572588877200
REQUEST	Get Product Details	55		Get all Product Details -->	1572588877200	1572588877206	OK	 
USER	Get Product Details	56	START	1572588877404	1572588877404
REQUEST	Get Product Details	56		Get all Product Details -->	1572588877405	1572588877414	OK	 
REQUEST	Get Product Details	34		Get Prduct Details by Id	1572588877421	1572588877428	OK	 
REQUEST	Get Product Details	18		Get all Product Details -->	1572588877433	1572588877437	OK	 
USER	Get Product Details	18	END	1572588867402	1572588877438
USER	Get Product Details	57	START	1572588877592	1572588877592
REQUEST	Get Product Details	57		Get all Product Details -->	1572588877592	1572588877608	OK	 
REQUEST	Get Product Details	35		Get Prduct Details by Id	1572588877690	1572588877698	OK	 
USER	Get Product Details	58	START	1572588877794	1572588877794
REQUEST	Get Product Details	58		Get all Product Details -->	1572588877794	1572588877809	OK	 
REQUEST	Get Product Details	19		Get all Product Details -->	1572588877933	1572588877945	OK	 
USER	Get Product Details	19	END	1572588867901	1572588877946
REQUEST	Get Product Details	36		Get Prduct Details by Id	1572588877944	1572588877957	OK	 
USER	Get Product Details	59	START	1572588877990	1572588877990
REQUEST	Get Product Details	59		Get all Product Details -->	1572588877990	1572588878000	OK	 
REQUEST	Get Product Details	37		Get Prduct Details by Id	1572588878180	1572588878194	OK	 
USER	Get Product Details	60	START	1572588878193	1572588878193
REQUEST	Get Product Details	60		Get all Product Details -->	1572588878194	1572588878214	OK	 
REQUEST	Get Product Details	38		Get Prduct Details by Id	1572588878423	1572588878436	OK	 
REQUEST	Get Product Details	20		Get all Product Details -->	1572588878436	1572588878444	OK	 
USER	Get Product Details	20	END	1572588868404	1572588878446
REQUEST	Get Product Details	39		Get Prduct Details by Id	1572588878680	1572588878691	OK	 
REQUEST	Get Product Details	21		Get all Product Details -->	1572588878690	1572588878701	OK	 
USER	Get Product Details	21	END	1572588868651	1572588878703
REQUEST	Get Product Details	40		Get Prduct Details by Id	1572588878920	1572588878941	OK	 
REQUEST	Get Product Details	22		Get all Product Details -->	1572588878942	1572588878956	OK	 
USER	Get Product Details	22	END	1572588868900	1572588878957
REQUEST	Get Product Details	41		Get Prduct Details by Id	1572588879166	1572588879185	OK	 
REQUEST	Get Product Details	23		Get all Product Details -->	1572588879191	1572588879206	OK	 
USER	Get Product Details	23	END	1572588869151	1572588879207
REQUEST	Get Product Details	42		Get Prduct Details by Id	1572588879401	1572588879413	OK	 
REQUEST	Get Product Details	24		Get all Product Details -->	1572588879433	1572588879446	OK	 
USER	Get Product Details	24	END	1572588869400	1572588879448
REQUEST	Get Product Details	43		Get Prduct Details by Id	1572588879662	1572588879666	OK	 
REQUEST	Get Product Details	25		Get all Product Details -->	1572588879766	1572588879778	OK	 
USER	Get Product Details	25	END	1572588869720	1572588879781
REQUEST	Get Product Details	44		Get Prduct Details by Id	1572588879914	1572588879932	OK	 
REQUEST	Get Product Details	26		Get all Product Details -->	1572588880084	1572588880099	OK	 
USER	Get Product Details	26	END	1572588870052	1572588880101
REQUEST	Get Product Details	45		Get Prduct Details by Id	1572588880161	1572588880169	OK	 
REQUEST	Get Product Details	27		Get all Product Details -->	1572588880422	1572588880426	OK	 
REQUEST	Get Product Details	46		Get Prduct Details by Id	1572588880422	1572588880426	OK	 
USER	Get Product Details	27	END	1572588870393	1572588880427
REQUEST	Get Product Details	47		Get Prduct Details by Id	1572588880614	1572588880625	OK	 
REQUEST	Get Product Details	28		Get all Product Details -->	1572588880770	1572588880780	OK	 
USER	Get Product Details	28	END	1572588870735	1572588880781
REQUEST	Get Product Details	48		Get Prduct Details by Id	1572588880810	1572588880822	OK	 
REQUEST	Get Product Details	49		Get Prduct Details by Id	1572588881022	1572588881035	OK	 
REQUEST	Get Product Details	29		Get all Product Details -->	1572588881090	1572588881102	OK	 
USER	Get Product Details	29	END	1572588871062	1572588881104
REQUEST	Get Product Details	50		Get Prduct Details by Id	1572588881215	1572588881227	OK	 
REQUEST	Get Product Details	51		Get Prduct Details by Id	1572588881410	1572588881428	OK	 
REQUEST	Get Product Details	30		Get all Product Details -->	1572588881434	1572588881443	OK	 
USER	Get Product Details	30	END	1572588871403	1572588881444
REQUEST	Get Product Details	52		Get Prduct Details by Id	1572588881635	1572588881656	OK	 
REQUEST	Get Product Details	31		Get all Product Details -->	1572588881691	1572588881707	OK	 
USER	Get Product Details	31	END	1572588871655	1572588881708
REQUEST	Get Product Details	53		Get Prduct Details by Id	1572588881822	1572588881834	OK	 
REQUEST	Get Product Details	32		Get all Product Details -->	1572588881943	1572588881958	OK	 
USER	Get Product Details	32	END	1572588871904	1572588881959
REQUEST	Get Product Details	54		Get Prduct Details by Id	1572588882020	1572588882041	OK	 
REQUEST	Get Product Details	33		Get all Product Details -->	1572588882171	1572588882179	OK	 
USER	Get Product Details	33	END	1572588872152	1572588882179
REQUEST	Get Product Details	55		Get Prduct Details by Id	1572588882222	1572588882231	OK	 
REQUEST	Get Product Details	56		Get Prduct Details by Id	1572588882422	1572588882426	OK	 
REQUEST	Get Product Details	34		Get all Product Details -->	1572588882432	1572588882436	OK	 
USER	Get Product Details	34	END	1572588872400	1572588882436
REQUEST	Get Product Details	57		Get Prduct Details by Id	1572588882620	1572588882630	OK	 
REQUEST	Get Product Details	35		Get all Product Details -->	1572588882704	1572588882717	OK	 
USER	Get Product Details	35	END	1572588872652	1572588882718
REQUEST	Get Product Details	58		Get Prduct Details by Id	1572588882823	1572588882827	OK	 
REQUEST	Get Product Details	36		Get all Product Details -->	1572588882951	1572588882961	OK	 
USER	Get Product Details	36	END	1572588872901	1572588882963
REQUEST	Get Product Details	59		Get Prduct Details by Id	1572588883025	1572588883034	OK	 
REQUEST	Get Product Details	37		Get all Product Details -->	1572588883205	1572588883218	OK	 
USER	Get Product Details	37	END	1572588873154	1572588883219
REQUEST	Get Product Details	60		Get Prduct Details by Id	1572588883230	1572588883245	OK	 
REQUEST	Get Product Details	38		Get all Product Details -->	1572588883435	1572588883448	OK	 
USER	Get Product Details	38	END	1572588873400	1572588883450
REQUEST	Get Product Details	39		Get all Product Details -->	1572588883700	1572588883712	OK	 
USER	Get Product Details	39	END	1572588873641	1572588883714
REQUEST	Get Product Details	40		Get all Product Details -->	1572588883945	1572588883955	OK	 
USER	Get Product Details	40	END	1572588873895	1572588883956
REQUEST	Get Product Details	41		Get all Product Details -->	1572588884192	1572588884204	OK	 
USER	Get Product Details	41	END	1572588874143	1572588884206
REQUEST	Get Product Details	42		Get all Product Details -->	1572588884432	1572588884448	OK	 
USER	Get Product Details	42	END	1572588874390	1572588884449
REQUEST	Get Product Details	43		Get all Product Details -->	1572588884680	1572588884688	OK	 
USER	Get Product Details	43	END	1572588874633	1572588884689
REQUEST	Get Product Details	44		Get all Product Details -->	1572588884930	1572588884937	OK	 
USER	Get Product Details	44	END	1572588874881	1572588884938
REQUEST	Get Product Details	45		Get all Product Details -->	1572588885184	1572588885196	OK	 
USER	Get Product Details	45	END	1572588875135	1572588885198
REQUEST	Get Product Details	46		Get all Product Details -->	1572588885434	1572588885444	OK	 
USER	Get Product Details	46	END	1572588875386	1572588885446
REQUEST	Get Product Details	47		Get all Product Details -->	1572588885630	1572588885643	OK	 
USER	Get Product Details	47	END	1572588875595	1572588885645
REQUEST	Get Product Details	48		Get all Product Details -->	1572588885833	1572588885839	OK	 
USER	Get Product Details	48	END	1572588875791	1572588885839
REQUEST	Get Product Details	49		Get all Product Details -->	1572588886040	1572588886045	OK	 
USER	Get Product Details	49	END	1572588875990	1572588886045
REQUEST	Get Product Details	50		Get all Product Details -->	1572588886233	1572588886238	OK	 
USER	Get Product Details	50	END	1572588876190	1572588886238
REQUEST	Get Product Details	51		Get all Product Details -->	1572588886431	1572588886435	OK	 
USER	Get Product Details	51	END	1572588876393	1572588886436
REQUEST	Get Product Details	52		Get all Product Details -->	1572588886663	1572588886668	OK	 
USER	Get Product Details	52	END	1572588876602	1572588886668
REQUEST	Get Product Details	53		Get all Product Details -->	1572588886850	1572588886855	OK	 
USER	Get Product Details	53	END	1572588876804	1572588886856
REQUEST	Get Product Details	54		Get all Product Details -->	1572588887053	1572588887058	OK	 
USER	Get Product Details	54	END	1572588877003	1572588887058
REQUEST	Get Product Details	55		Get all Product Details -->	1572588887230	1572588887239	OK	 
USER	Get Product Details	55	END	1572588877200	1572588887239
REQUEST	Get Product Details	56		Get all Product Details -->	1572588887443	1572588887448	OK	 
USER	Get Product Details	56	END	1572588877404	1572588887449
REQUEST	Get Product Details	57		Get all Product Details -->	1572588887641	1572588887645	OK	 
USER	Get Product Details	57	END	1572588877592	1572588887645
REQUEST	Get Product Details	58		Get all Product Details -->	1572588887830	1572588887837	OK	 
USER	Get Product Details	58	END	1572588877794	1572588887837
REQUEST	Get Product Details	59		Get all Product Details -->	1572588888023	1572588888029	OK	 
USER	Get Product Details	59	END	1572588877990	1572588888029
REQUEST	Get Product Details	60		Get all Product Details -->	1572588888253	1572588888261	OK	 
USER	Get Product Details	60	END	1572588878193	1572588888262
