RUN	simulations.RampUserSimulation		rampusersimulation	1572590542622	 	2.0
USER	Get Product Details	1	START	1572590549230	1572590549230
REQUEST	Get Product Details	1		Get all Product Details -->	1572590549280	1572590549316	OK	 
USER	Get Product Details	2	START	1572590550233	1572590550233
REQUEST	Get Product Details	2		Get all Product Details -->	1572590550234	1572590550255	OK	 
USER	Get Product Details	3	START	1572590551232	1572590551232
REQUEST	Get Product Details	3		Get all Product Details -->	1572590551233	1572590551250	OK	 
USER	Get Product Details	4	START	1572590552229	1572590552229
REQUEST	Get Product Details	4		Get all Product Details -->	1572590552230	1572590552247	OK	 
USER	Get Product Details	5	START	1572590552722	1572590552722
REQUEST	Get Product Details	5		Get all Product Details -->	1572590552723	1572590552740	OK	 
USER	Get Product Details	6	START	1572590553219	1572590553219
REQUEST	Get Product Details	6		Get all Product Details -->	1572590553219	1572590553225	OK	 
USER	Get Product Details	7	START	1572590553722	1572590553722
REQUEST	Get Product Details	7		Get all Product Details -->	1572590553722	1572590553729	OK	 
USER	Get Product Details	8	START	1572590554223	1572590554223
REQUEST	Get Product Details	8		Get all Product Details -->	1572590554223	1572590554233	OK	 
REQUEST	Get Product Details	1		Get Prduct Details by Id	1572590554333	1572590554347	OK	 
USER	Get Product Details	9	START	1572590554733	1572590554733
REQUEST	Get Product Details	9		Get all Product Details -->	1572590554733	1572590554739	OK	 
USER	Get Product Details	10	START	1572590555229	1572590555229
REQUEST	Get Product Details	10		Get all Product Details -->	1572590555229	1572590555235	OK	 
REQUEST	Get Product Details	2		Get Prduct Details by Id	1572590555272	1572590555277	OK	 
USER	Get Product Details	11	START	1572590555740	1572590555740
REQUEST	Get Product Details	11		Get all Product Details -->	1572590555740	1572590555745	OK	 
USER	Get Product Details	12	START	1572590556243	1572590556243
REQUEST	Get Product Details	12		Get all Product Details -->	1572590556244	1572590556250	OK	 
REQUEST	Get Product Details	3		Get Prduct Details by Id	1572590556259	1572590556263	OK	 
USER	Get Product Details	13	START	1572590556562	1572590556562
REQUEST	Get Product Details	13		Get all Product Details -->	1572590556563	1572590556567	OK	 
USER	Get Product Details	14	START	1572590556901	1572590556901
REQUEST	Get Product Details	14		Get all Product Details -->	1572590556902	1572590556907	OK	 
USER	Get Product Details	15	START	1572590557229	1572590557229
REQUEST	Get Product Details	15		Get all Product Details -->	1572590557230	1572590557234	OK	 
REQUEST	Get Product Details	4		Get Prduct Details by Id	1572590557272	1572590557276	OK	 
USER	Get Product Details	16	START	1572590557559	1572590557559
REQUEST	Get Product Details	16		Get all Product Details -->	1572590557559	1572590557565	OK	 
REQUEST	Get Product Details	5		Get Prduct Details by Id	1572590557751	1572590557755	OK	 
USER	Get Product Details	17	START	1572590557901	1572590557901
REQUEST	Get Product Details	17		Get all Product Details -->	1572590557902	1572590557907	OK	 
USER	Get Product Details	18	START	1572590558244	1572590558244
REQUEST	Get Product Details	6		Get Prduct Details by Id	1572590558244	1572590558249	OK	 
REQUEST	Get Product Details	18		Get all Product Details -->	1572590558245	1572590558252	OK	 
USER	Get Product Details	19	START	1572590558729	1572590558729
REQUEST	Get Product Details	19		Get all Product Details -->	1572590558729	1572590558734	OK	 
REQUEST	Get Product Details	7		Get Prduct Details by Id	1572590558740	1572590558743	OK	 
USER	Get Product Details	20	START	1572590559230	1572590559230
REQUEST	Get Product Details	20		Get all Product Details -->	1572590559231	1572590559235	OK	 
REQUEST	Get Product Details	8		Get Prduct Details by Id	1572590559253	1572590559256	OK	 
REQUEST	Get Product Details	1		Get all Product Details -->	1572590559351	1572590559354	OK	 
USER	Get Product Details	1	END	1572590549230	1572590559357
USER	Get Product Details	21	START	1572590559481	1572590559481
REQUEST	Get Product Details	21		Get all Product Details -->	1572590559482	1572590559486	OK	 
USER	Get Product Details	22	START	1572590559741	1572590559741
REQUEST	Get Product Details	22		Get all Product Details -->	1572590559742	1572590559746	OK	 
REQUEST	Get Product Details	9		Get Prduct Details by Id	1572590559753	1572590559756	OK	 
USER	Get Product Details	23	START	1572590559993	1572590559993
REQUEST	Get Product Details	23		Get all Product Details -->	1572590559994	1572590559998	OK	 
USER	Get Product Details	24	START	1572590560243	1572590560243
REQUEST	Get Product Details	24		Get all Product Details -->	1572590560243	1572590560248	OK	 
REQUEST	Get Product Details	10		Get Prduct Details by Id	1572590560253	1572590560256	OK	 
REQUEST	Get Product Details	2		Get all Product Details -->	1572590560285	1572590560288	OK	 
USER	Get Product Details	2	END	1572590550233	1572590560289
USER	Get Product Details	25	START	1572590560569	1572590560569
REQUEST	Get Product Details	25		Get all Product Details -->	1572590560570	1572590560574	OK	 
REQUEST	Get Product Details	11		Get Prduct Details by Id	1572590560759	1572590560768	OK	 
USER	Get Product Details	26	START	1572590560900	1572590560900
REQUEST	Get Product Details	26		Get all Product Details -->	1572590560900	1572590560907	OK	 
USER	Get Product Details	27	START	1572590561229	1572590561229
REQUEST	Get Product Details	27		Get all Product Details -->	1572590561229	1572590561234	OK	 
REQUEST	Get Product Details	12		Get Prduct Details by Id	1572590561259	1572590561263	OK	 
REQUEST	Get Product Details	3		Get all Product Details -->	1572590561270	1572590561274	OK	 
USER	Get Product Details	3	END	1572590551232	1572590561275
USER	Get Product Details	28	START	1572590561551	1572590561551
REQUEST	Get Product Details	28		Get all Product Details -->	1572590561551	1572590561555	OK	 
REQUEST	Get Product Details	13		Get Prduct Details by Id	1572590561583	1572590561587	OK	 
USER	Get Product Details	29	START	1572590561891	1572590561891
REQUEST	Get Product Details	29		Get all Product Details -->	1572590561891	1572590561895	OK	 
REQUEST	Get Product Details	14		Get Prduct Details by Id	1572590561922	1572590561926	OK	 
USER	Get Product Details	30	START	1572590562219	1572590562219
REQUEST	Get Product Details	30		Get all Product Details -->	1572590562219	1572590562224	OK	 
REQUEST	Get Product Details	15		Get Prduct Details by Id	1572590562250	1572590562254	OK	 
REQUEST	Get Product Details	4		Get all Product Details -->	1572590562271	1572590562275	OK	 
USER	Get Product Details	4	END	1572590552229	1572590562276
USER	Get Product Details	31	START	1572590562469	1572590562469
REQUEST	Get Product Details	31		Get all Product Details -->	1572590562469	1572590562473	OK	 
REQUEST	Get Product Details	16		Get Prduct Details by Id	1572590562582	1572590562586	OK	 
USER	Get Product Details	32	START	1572590562719	1572590562719
REQUEST	Get Product Details	32		Get all Product Details -->	1572590562719	1572590562724	OK	 
REQUEST	Get Product Details	5		Get all Product Details -->	1572590562760	1572590562764	OK	 
USER	Get Product Details	5	END	1572590552722	1572590562765
REQUEST	Get Product Details	17		Get Prduct Details by Id	1572590562923	1572590562927	OK	 
USER	Get Product Details	33	START	1572590562969	1572590562969
REQUEST	Get Product Details	33		Get all Product Details -->	1572590562969	1572590562974	OK	 
USER	Get Product Details	34	START	1572590563220	1572590563220
REQUEST	Get Product Details	34		Get all Product Details -->	1572590563220	1572590563225	OK	 
REQUEST	Get Product Details	6		Get all Product Details -->	1572590563252	1572590563255	OK	 
USER	Get Product Details	6	END	1572590553219	1572590563256
REQUEST	Get Product Details	18		Get Prduct Details by Id	1572590563273	1572590563277	OK	 
USER	Get Product Details	35	START	1572590563493	1572590563493
REQUEST	Get Product Details	35		Get all Product Details -->	1572590563493	1572590563498	OK	 
USER	Get Product Details	36	START	1572590563739	1572590563739
REQUEST	Get Product Details	36		Get all Product Details -->	1572590563739	1572590563744	OK	 
REQUEST	Get Product Details	7		Get all Product Details -->	1572590563749	1572590563753	OK	 
USER	Get Product Details	7	END	1572590553722	1572590563754
REQUEST	Get Product Details	19		Get Prduct Details by Id	1572590563749	1572590563755	OK	 
USER	Get Product Details	37	START	1572590563992	1572590563992
REQUEST	Get Product Details	37		Get all Product Details -->	1572590563992	1572590563998	OK	 
USER	Get Product Details	38	START	1572590564234	1572590564234
REQUEST	Get Product Details	38		Get all Product Details -->	1572590564235	1572590564245	OK	 
REQUEST	Get Product Details	20		Get Prduct Details by Id	1572590564249	1572590564254	OK	 
REQUEST	Get Product Details	8		Get all Product Details -->	1572590564249	1572590564254	OK	 
USER	Get Product Details	8	END	1572590554223	1572590564255
USER	Get Product Details	39	START	1572590564481	1572590564481
REQUEST	Get Product Details	39		Get all Product Details -->	1572590564481	1572590564497	OK	 
REQUEST	Get Product Details	21		Get Prduct Details by Id	1572590564505	1572590564512	OK	 
USER	Get Product Details	40	START	1572590564731	1572590564731
REQUEST	Get Product Details	40		Get all Product Details -->	1572590564731	1572590564745	OK	 
REQUEST	Get Product Details	22		Get Prduct Details by Id	1572590564762	1572590564774	OK	 
REQUEST	Get Product Details	9		Get all Product Details -->	1572590564763	1572590564774	OK	 
USER	Get Product Details	9	END	1572590554733	1572590564776
USER	Get Product Details	41	START	1572590564983	1572590564983
REQUEST	Get Product Details	41		Get all Product Details -->	1572590564983	1572590564987	OK	 
REQUEST	Get Product Details	23		Get Prduct Details by Id	1572590565009	1572590565013	OK	 
USER	Get Product Details	42	START	1572590565232	1572590565232
REQUEST	Get Product Details	42		Get all Product Details -->	1572590565232	1572590565236	OK	 
REQUEST	Get Product Details	24		Get Prduct Details by Id	1572590565265	1572590565269	OK	 
REQUEST	Get Product Details	10		Get all Product Details -->	1572590565265	1572590565269	OK	 
USER	Get Product Details	10	END	1572590555229	1572590565270
USER	Get Product Details	43	START	1572590565484	1572590565484
REQUEST	Get Product Details	43		Get all Product Details -->	1572590565484	1572590565489	OK	 
REQUEST	Get Product Details	25		Get Prduct Details by Id	1572590565594	1572590565597	OK	 
USER	Get Product Details	44	START	1572590565734	1572590565734
REQUEST	Get Product Details	44		Get all Product Details -->	1572590565734	1572590565739	OK	 
REQUEST	Get Product Details	11		Get all Product Details -->	1572590565769	1572590565772	OK	 
USER	Get Product Details	11	END	1572590555740	1572590565772
REQUEST	Get Product Details	26		Get Prduct Details by Id	1572590565920	1572590565923	OK	 
USER	Get Product Details	45	START	1572590565984	1572590565984
REQUEST	Get Product Details	45		Get all Product Details -->	1572590565984	1572590565988	OK	 
USER	Get Product Details	46	START	1572590566230	1572590566230
REQUEST	Get Product Details	46		Get all Product Details -->	1572590566230	1572590566234	OK	 
REQUEST	Get Product Details	27		Get Prduct Details by Id	1572590566274	1572590566282	OK	 
REQUEST	Get Product Details	12		Get all Product Details -->	1572590566283	1572590566287	OK	 
USER	Get Product Details	12	END	1572590556243	1572590566289
USER	Get Product Details	47	START	1572590566432	1572590566432
REQUEST	Get Product Details	47		Get all Product Details -->	1572590566432	1572590566441	OK	 
REQUEST	Get Product Details	28		Get Prduct Details by Id	1572590566573	1572590566576	OK	 
REQUEST	Get Product Details	13		Get all Product Details -->	1572590566594	1572590566597	OK	 
USER	Get Product Details	13	END	1572590556562	1572590566598
USER	Get Product Details	48	START	1572590566631	1572590566631
REQUEST	Get Product Details	48		Get all Product Details -->	1572590566631	1572590566635	OK	 
USER	Get Product Details	49	START	1572590566829	1572590566829
REQUEST	Get Product Details	49		Get all Product Details -->	1572590566829	1572590566833	OK	 
REQUEST	Get Product Details	29		Get Prduct Details by Id	1572590566912	1572590566915	OK	 
REQUEST	Get Product Details	14		Get all Product Details -->	1572590566933	1572590566936	OK	 
USER	Get Product Details	14	END	1572590556901	1572590566936
USER	Get Product Details	50	START	1572590567032	1572590567032
REQUEST	Get Product Details	50		Get all Product Details -->	1572590567032	1572590567036	OK	 
USER	Get Product Details	51	START	1572590567233	1572590567233
REQUEST	Get Product Details	51		Get all Product Details -->	1572590567233	1572590567237	OK	 
REQUEST	Get Product Details	30		Get Prduct Details by Id	1572590567243	1572590567246	OK	 
REQUEST	Get Product Details	15		Get all Product Details -->	1572590567264	1572590567267	OK	 
USER	Get Product Details	15	END	1572590557229	1572590567268
USER	Get Product Details	52	START	1572590567431	1572590567431
REQUEST	Get Product Details	52		Get all Product Details -->	1572590567431	1572590567435	OK	 
REQUEST	Get Product Details	31		Get Prduct Details by Id	1572590567484	1572590567487	OK	 
REQUEST	Get Product Details	16		Get all Product Details -->	1572590567594	1572590567597	OK	 
USER	Get Product Details	16	END	1572590557559	1572590567597
USER	Get Product Details	53	START	1572590567631	1572590567631
REQUEST	Get Product Details	53		Get all Product Details -->	1572590567631	1572590567635	OK	 
REQUEST	Get Product Details	32		Get Prduct Details by Id	1572590567743	1572590567746	OK	 
USER	Get Product Details	54	START	1572590567832	1572590567832
REQUEST	Get Product Details	54		Get all Product Details -->	1572590567832	1572590567837	OK	 
REQUEST	Get Product Details	17		Get all Product Details -->	1572590567931	1572590567934	OK	 
USER	Get Product Details	17	END	1572590557901	1572590567935
REQUEST	Get Product Details	33		Get Prduct Details by Id	1572590567994	1572590567997	OK	 
USER	Get Product Details	55	START	1572590568029	1572590568029
REQUEST	Get Product Details	55		Get all Product Details -->	1572590568029	1572590568033	OK	 
USER	Get Product Details	56	START	1572590568230	1572590568230
REQUEST	Get Product Details	56		Get all Product Details -->	1572590568230	1572590568234	OK	 
REQUEST	Get Product Details	34		Get Prduct Details by Id	1572590568241	1572590568244	OK	 
REQUEST	Get Product Details	18		Get all Product Details -->	1572590568271	1572590568274	OK	 
USER	Get Product Details	18	END	1572590558244	1572590568275
USER	Get Product Details	57	START	1572590568419	1572590568419
REQUEST	Get Product Details	57		Get all Product Details -->	1572590568419	1572590568423	OK	 
REQUEST	Get Product Details	35		Get Prduct Details by Id	1572590568515	1572590568518	OK	 
USER	Get Product Details	58	START	1572590568624	1572590568624
REQUEST	Get Product Details	58		Get all Product Details -->	1572590568624	1572590568628	OK	 
REQUEST	Get Product Details	36		Get Prduct Details by Id	1572590568754	1572590568757	OK	 
REQUEST	Get Product Details	19		Get all Product Details -->	1572590568765	1572590568768	OK	 
USER	Get Product Details	19	END	1572590558729	1572590568768
USER	Get Product Details	59	START	1572590568831	1572590568831
REQUEST	Get Product Details	59		Get all Product Details -->	1572590568831	1572590568835	OK	 
REQUEST	Get Product Details	37		Get Prduct Details by Id	1572590569015	1572590569018	OK	 
USER	Get Product Details	60	START	1572590569030	1572590569030
REQUEST	Get Product Details	60		Get all Product Details -->	1572590569030	1572590569035	OK	 
REQUEST	Get Product Details	20		Get all Product Details -->	1572590569253	1572590569257	OK	 
USER	Get Product Details	20	END	1572590559230	1572590569257
REQUEST	Get Product Details	38		Get Prduct Details by Id	1572590569253	1572590569257	OK	 
REQUEST	Get Product Details	21		Get all Product Details -->	1572590569514	1572590569528	OK	 
REQUEST	Get Product Details	39		Get Prduct Details by Id	1572590569514	1572590569528	OK	 
USER	Get Product Details	21	END	1572590559481	1572590569530
REQUEST	Get Product Details	40		Get Prduct Details by Id	1572590569762	1572590569771	OK	 
REQUEST	Get Product Details	22		Get all Product Details -->	1572590569772	1572590569781	OK	 
USER	Get Product Details	22	END	1572590559741	1572590569783
REQUEST	Get Product Details	41		Get Prduct Details by Id	1572590570000	1572590570009	OK	 
REQUEST	Get Product Details	23		Get all Product Details -->	1572590570013	1572590570021	OK	 
USER	Get Product Details	23	END	1572590559993	1572590570022
REQUEST	Get Product Details	42		Get Prduct Details by Id	1572590570251	1572590570255	OK	 
REQUEST	Get Product Details	24		Get all Product Details -->	1572590570283	1572590570287	OK	 
USER	Get Product Details	24	END	1572590560243	1572590570288
REQUEST	Get Product Details	43		Get Prduct Details by Id	1572590570499	1572590570506	OK	 
REQUEST	Get Product Details	25		Get all Product Details -->	1572590570593	1572590570597	OK	 
USER	Get Product Details	25	END	1572590560569	1572590570599
REQUEST	Get Product Details	44		Get Prduct Details by Id	1572590570753	1572590570774	OK	 
REQUEST	Get Product Details	26		Get all Product Details -->	1572590570934	1572590570942	OK	 
USER	Get Product Details	26	END	1572590560900	1572590570943
REQUEST	Get Product Details	45		Get Prduct Details by Id	1572590571000	1572590571006	OK	 
REQUEST	Get Product Details	27		Get all Product Details -->	1572590571249	1572590571253	OK	 
USER	Get Product Details	27	END	1572590561229	1572590571253
REQUEST	Get Product Details	46		Get Prduct Details by Id	1572590571249	1572590571254	OK	 
REQUEST	Get Product Details	47		Get Prduct Details by Id	1572590571453	1572590571456	OK	 
REQUEST	Get Product Details	28		Get all Product Details -->	1572590571584	1572590571592	OK	 
USER	Get Product Details	28	END	1572590561551	1572590571593
REQUEST	Get Product Details	48		Get Prduct Details by Id	1572590571649	1572590571658	OK	 
REQUEST	Get Product Details	49		Get Prduct Details by Id	1572590571853	1572590571858	OK	 
REQUEST	Get Product Details	29		Get all Product Details -->	1572590571920	1572590571926	OK	 
USER	Get Product Details	29	END	1572590561891	1572590571928
REQUEST	Get Product Details	50		Get Prduct Details by Id	1572590572049	1572590572054	OK	 
REQUEST	Get Product Details	51		Get Prduct Details by Id	1572590572251	1572590572254	OK	 
REQUEST	Get Product Details	30		Get all Product Details -->	1572590572251	1572590572255	OK	 
USER	Get Product Details	30	END	1572590562219	1572590572255
REQUEST	Get Product Details	52		Get Prduct Details by Id	1572590572450	1572590572453	OK	 
REQUEST	Get Product Details	31		Get all Product Details -->	1572590572491	1572590572499	OK	 
USER	Get Product Details	31	END	1572590562469	1572590572500
REQUEST	Get Product Details	53		Get Prduct Details by Id	1572590572650	1572590572659	OK	 
REQUEST	Get Product Details	32		Get all Product Details -->	1572590572745	1572590572753	OK	 
USER	Get Product Details	32	END	1572590562719	1572590572755
REQUEST	Get Product Details	54		Get Prduct Details by Id	1572590572849	1572590572852	OK	 
REQUEST	Get Product Details	33		Get all Product Details -->	1572590572991	1572590572997	OK	 
USER	Get Product Details	33	END	1572590562969	1572590572998
REQUEST	Get Product Details	55		Get Prduct Details by Id	1572590573044	1572590573050	OK	 
REQUEST	Get Product Details	56		Get Prduct Details by Id	1572590573255	1572590573260	OK	 
REQUEST	Get Product Details	34		Get all Product Details -->	1572590573255	1572590573261	OK	 
USER	Get Product Details	34	END	1572590563220	1572590573261
REQUEST	Get Product Details	57		Get Prduct Details by Id	1572590573439	1572590573442	OK	 
REQUEST	Get Product Details	35		Get all Product Details -->	1572590573520	1572590573526	OK	 
USER	Get Product Details	35	END	1572590563493	1572590573526
REQUEST	Get Product Details	58		Get Prduct Details by Id	1572590573639	1572590573646	OK	 
REQUEST	Get Product Details	36		Get all Product Details -->	1572590573759	1572590573767	OK	 
USER	Get Product Details	36	END	1572590563739	1572590573768
REQUEST	Get Product Details	59		Get Prduct Details by Id	1572590573849	1572590573859	OK	 
REQUEST	Get Product Details	37		Get all Product Details -->	1572590574020	1572590574028	OK	 
USER	Get Product Details	37	END	1572590563992	1572590574029
REQUEST	Get Product Details	60		Get Prduct Details by Id	1572590574051	1572590574059	OK	 
REQUEST	Get Product Details	38		Get all Product Details -->	1572590574273	1572590574278	OK	 
USER	Get Product Details	38	END	1572590564234	1572590574279
REQUEST	Get Product Details	39		Get all Product Details -->	1572590574531	1572590574541	OK	 
USER	Get Product Details	39	END	1572590564481	1572590574542
REQUEST	Get Product Details	40		Get all Product Details -->	1572590574781	1572590574788	OK	 
USER	Get Product Details	40	END	1572590564731	1572590574790
REQUEST	Get Product Details	41		Get all Product Details -->	1572590575010	1572590575018	OK	 
USER	Get Product Details	41	END	1572590564983	1572590575020
REQUEST	Get Product Details	42		Get all Product Details -->	1572590575263	1572590575271	OK	 
USER	Get Product Details	42	END	1572590565232	1572590575272
REQUEST	Get Product Details	43		Get all Product Details -->	1572590575500	1572590575509	OK	 
USER	Get Product Details	43	END	1572590565484	1572590575510
REQUEST	Get Product Details	44		Get all Product Details -->	1572590575780	1572590575789	OK	 
USER	Get Product Details	44	END	1572590565734	1572590575790
REQUEST	Get Product Details	45		Get all Product Details -->	1572590576012	1572590576021	OK	 
USER	Get Product Details	45	END	1572590565984	1572590576022
REQUEST	Get Product Details	46		Get all Product Details -->	1572590576260	1572590576264	OK	 
USER	Get Product Details	46	END	1572590566230	1572590576266
REQUEST	Get Product Details	47		Get all Product Details -->	1572590576464	1572590576467	OK	 
USER	Get Product Details	47	END	1572590566432	1572590576467
REQUEST	Get Product Details	48		Get all Product Details -->	1572590576669	1572590576675	OK	 
USER	Get Product Details	48	END	1572590566631	1572590576676
REQUEST	Get Product Details	49		Get all Product Details -->	1572590576852	1572590576861	OK	 
USER	Get Product Details	49	END	1572590566829	1572590576863
REQUEST	Get Product Details	50		Get all Product Details -->	1572590577061	1572590577071	OK	 
USER	Get Product Details	50	END	1572590567032	1572590577072
REQUEST	Get Product Details	51		Get all Product Details -->	1572590577261	1572590577265	OK	 
USER	Get Product Details	51	END	1572590567233	1572590577266
REQUEST	Get Product Details	52		Get all Product Details -->	1572590577461	1572590577467	OK	 
USER	Get Product Details	52	END	1572590567431	1572590577469
REQUEST	Get Product Details	53		Get all Product Details -->	1572590577670	1572590577682	OK	 
USER	Get Product Details	53	END	1572590567631	1572590577683
REQUEST	Get Product Details	54		Get all Product Details -->	1572590577862	1572590577869	OK	 
USER	Get Product Details	54	END	1572590567832	1572590577870
REQUEST	Get Product Details	55		Get all Product Details -->	1572590578055	1572590578063	OK	 
USER	Get Product Details	55	END	1572590568029	1572590578064
REQUEST	Get Product Details	56		Get all Product Details -->	1572590578251	1572590578255	OK	 
USER	Get Product Details	56	END	1572590568230	1572590578256
REQUEST	Get Product Details	57		Get all Product Details -->	1572590578452	1572590578460	OK	 
USER	Get Product Details	57	END	1572590568419	1572590578461
REQUEST	Get Product Details	58		Get all Product Details -->	1572590578654	1572590578662	OK	 
USER	Get Product Details	58	END	1572590568624	1572590578663
REQUEST	Get Product Details	59		Get all Product Details -->	1572590578861	1572590578872	OK	 
USER	Get Product Details	59	END	1572590568831	1572590578873
REQUEST	Get Product Details	60		Get all Product Details -->	1572590579065	1572590579074	OK	 
USER	Get Product Details	60	END	1572590569030	1572590579076
