RUN	simulations.RampUserSimulation		rampusersimulation	1572590713386	 	2.0
REQUEST	Get Product Details	1		Get all Product Details -->	1572590720144	1572590720144	KO	j.n.UnknownHostException: localhost.fiddler
USER	Get Product Details	1	START	1572590720116	1572590720116
REQUEST	Get Product Details	2		Get all Product Details -->	1572590721114	1572590721114	KO	j.n.UnknownHostException: localhost.fiddler
USER	Get Product Details	2	START	1572590721114	1572590721114
REQUEST	Get Product Details	3		Get all Product Details -->	1572590722102	1572590722102	KO	j.n.UnknownHostException: localhost.fiddler
USER	Get Product Details	3	START	1572590722101	1572590722101
REQUEST	Get Product Details	4		Get all Product Details -->	1572590723111	1572590723111	KO	j.n.UnknownHostException: localhost.fiddler
USER	Get Product Details	4	START	1572590723111	1572590723111
REQUEST	Get Product Details	5		Get all Product Details -->	1572590723603	1572590723603	KO	j.n.UnknownHostException: localhost.fiddler
USER	Get Product Details	5	START	1572590723603	1572590723603
REQUEST	Get Product Details	6		Get all Product Details -->	1572590724106	1572590724106	KO	j.n.UnknownHostException: localhost.fiddler
USER	Get Product Details	6	START	1572590724106	1572590724106
REQUEST	Get Product Details	7		Get all Product Details -->	1572590724616	1572590724616	KO	j.n.UnknownHostException: localhost.fiddler
USER	Get Product Details	7	START	1572590724616	1572590724616
REQUEST	Get Product Details	8		Get all Product Details -->	1572590725113	1572590725113	KO	j.n.UnknownHostException: localhost.fiddler
USER	Get Product Details	8	START	1572590725112	1572590725112
REQUEST	Get Product Details	1		Get Prduct Details by Id	1572590725163	1572590725163	KO	j.n.UnknownHostException: localhost.fiddler
REQUEST	Get Product Details	9		Get all Product Details -->	1572590725611	1572590725611	KO	j.n.UnknownHostException: localhost.fiddler
USER	Get Product Details	9	START	1572590725611	1572590725611
REQUEST	Get Product Details	10		Get all Product Details -->	1572590726115	1572590726115	KO	j.n.UnknownHostException: localhost.fiddler
USER	Get Product Details	10	START	1572590726115	1572590726115
REQUEST	Get Product Details	2		Get Prduct Details by Id	1572590726126	1572590726126	KO	j.n.UnknownHostException: localhost.fiddler
REQUEST	Get Product Details	11		Get all Product Details -->	1572590726612	1572590726612	KO	j.n.UnknownHostException: localhost.fiddler
USER	Get Product Details	11	START	1572590726612	1572590726612
REQUEST	Get Product Details	12		Get all Product Details -->	1572590727114	1572590727114	KO	j.n.UnknownHostException: localhost.fiddler
USER	Get Product Details	12	START	1572590727114	1572590727114
REQUEST	Get Product Details	3		Get Prduct Details by Id	1572590727125	1572590727125	KO	j.n.UnknownHostException: localhost.fiddler
REQUEST	Get Product Details	13		Get all Product Details -->	1572590727452	1572590727452	KO	j.n.UnknownHostException: localhost.fiddler
USER	Get Product Details	13	START	1572590727452	1572590727452
REQUEST	Get Product Details	14		Get all Product Details -->	1572590727781	1572590727781	KO	j.n.UnknownHostException: localhost.fiddler
USER	Get Product Details	14	START	1572590727781	1572590727781
REQUEST	Get Product Details	15		Get all Product Details -->	1572590728113	1572590728113	KO	j.n.UnknownHostException: localhost.fiddler
USER	Get Product Details	15	START	1572590728112	1572590728112
REQUEST	Get Product Details	4		Get Prduct Details by Id	1572590728135	1572590728135	KO	j.n.UnknownHostException: localhost.fiddler
REQUEST	Get Product Details	16		Get all Product Details -->	1572590728457	1572590728457	KO	j.n.UnknownHostException: localhost.fiddler
USER	Get Product Details	16	START	1572590728457	1572590728457
REQUEST	Get Product Details	5		Get Prduct Details by Id	1572590728626	1572590728626	KO	j.n.UnknownHostException: localhost.fiddler
REQUEST	Get Product Details	17		Get all Product Details -->	1572590728783	1572590728783	KO	j.n.UnknownHostException: localhost.fiddler
USER	Get Product Details	17	START	1572590728783	1572590728783
REQUEST	Get Product Details	18		Get all Product Details -->	1572590729111	1572590729111	KO	j.n.UnknownHostException: localhost.fiddler
USER	Get Product Details	18	START	1572590729111	1572590729111
REQUEST	Get Product Details	6		Get Prduct Details by Id	1572590729122	1572590729122	KO	j.n.UnknownHostException: localhost.fiddler
REQUEST	Get Product Details	19		Get all Product Details -->	1572590729604	1572590729604	KO	j.n.UnknownHostException: localhost.fiddler
USER	Get Product Details	19	START	1572590729604	1572590729604
REQUEST	Get Product Details	7		Get Prduct Details by Id	1572590729636	1572590729636	KO	j.n.UnknownHostException: localhost.fiddler
REQUEST	Get Product Details	20		Get all Product Details -->	1572590730107	1572590730107	KO	j.n.UnknownHostException: localhost.fiddler
USER	Get Product Details	20	START	1572590730106	1572590730106
REQUEST	Get Product Details	8		Get Prduct Details by Id	1572590730132	1572590730132	KO	j.n.UnknownHostException: localhost.fiddler
REQUEST	Get Product Details	1		Get all Product Details -->	1572590730174	1572590730174	KO	j.n.UnknownHostException: localhost.fiddler
USER	Get Product Details	1	END	1572590720116	1572590730185
REQUEST	Get Product Details	21		Get all Product Details -->	1572590730366	1572590730366	KO	j.n.UnknownHostException: localhost.fiddler
USER	Get Product Details	21	START	1572590730366	1572590730366
REQUEST	Get Product Details	22		Get all Product Details -->	1572590730611	1572590730611	KO	j.n.UnknownHostException: localhost.fiddler
USER	Get Product Details	22	START	1572590730611	1572590730611
REQUEST	Get Product Details	9		Get Prduct Details by Id	1572590730631	1572590730631	KO	j.n.UnknownHostException: localhost.fiddler
REQUEST	Get Product Details	23		Get all Product Details -->	1572590730861	1572590730861	KO	j.n.UnknownHostException: localhost.fiddler
USER	Get Product Details	23	START	1572590730861	1572590730861
REQUEST	Get Product Details	24		Get all Product Details -->	1572590731112	1572590731112	KO	j.n.UnknownHostException: localhost.fiddler
USER	Get Product Details	24	START	1572590731112	1572590731112
REQUEST	Get Product Details	2		Get all Product Details -->	1572590731124	1572590731124	KO	j.n.UnknownHostException: localhost.fiddler
USER	Get Product Details	2	END	1572590721114	1572590731124
REQUEST	Get Product Details	10		Get Prduct Details by Id	1572590731133	1572590731133	KO	j.n.UnknownHostException: localhost.fiddler
REQUEST	Get Product Details	25		Get all Product Details -->	1572590731456	1572590731456	KO	j.n.UnknownHostException: localhost.fiddler
USER	Get Product Details	25	START	1572590731456	1572590731456
REQUEST	Get Product Details	11		Get Prduct Details by Id	1572590731631	1572590731631	KO	j.n.UnknownHostException: localhost.fiddler
REQUEST	Get Product Details	26		Get all Product Details -->	1572590731785	1572590731785	KO	j.n.UnknownHostException: localhost.fiddler
USER	Get Product Details	26	START	1572590731784	1572590731784
REQUEST	Get Product Details	27		Get all Product Details -->	1572590732114	1572590732114	KO	j.n.UnknownHostException: localhost.fiddler
USER	Get Product Details	27	START	1572590732114	1572590732114
REQUEST	Get Product Details	3		Get all Product Details -->	1572590732125	1572590732125	KO	j.n.UnknownHostException: localhost.fiddler
USER	Get Product Details	3	END	1572590722101	1572590732126
REQUEST	Get Product Details	12		Get Prduct Details by Id	1572590732137	1572590732137	KO	j.n.UnknownHostException: localhost.fiddler
REQUEST	Get Product Details	28		Get all Product Details -->	1572590732456	1572590732456	KO	j.n.UnknownHostException: localhost.fiddler
USER	Get Product Details	28	START	1572590732455	1572590732455
REQUEST	Get Product Details	13		Get Prduct Details by Id	1572590732476	1572590732476	KO	j.n.UnknownHostException: localhost.fiddler
REQUEST	Get Product Details	29		Get all Product Details -->	1572590732785	1572590732785	KO	j.n.UnknownHostException: localhost.fiddler
USER	Get Product Details	29	START	1572590732784	1572590732784
REQUEST	Get Product Details	14		Get Prduct Details by Id	1572590732806	1572590732806	KO	j.n.UnknownHostException: localhost.fiddler
REQUEST	Get Product Details	30		Get all Product Details -->	1572590733111	1572590733111	KO	j.n.UnknownHostException: localhost.fiddler
USER	Get Product Details	30	START	1572590733111	1572590733111
REQUEST	Get Product Details	4		Get all Product Details -->	1572590733132	1572590733132	KO	j.n.UnknownHostException: localhost.fiddler
REQUEST	Get Product Details	15		Get Prduct Details by Id	1572590733132	1572590733132	KO	j.n.UnknownHostException: localhost.fiddler
USER	Get Product Details	4	END	1572590723111	1572590733133
REQUEST	Get Product Details	31		Get all Product Details -->	1572590733365	1572590733365	KO	j.n.UnknownHostException: localhost.fiddler
USER	Get Product Details	31	START	1572590733364	1572590733364
REQUEST	Get Product Details	16		Get Prduct Details by Id	1572590733464	1572590733464	KO	j.n.UnknownHostException: localhost.fiddler
REQUEST	Get Product Details	32		Get all Product Details -->	1572590733612	1572590733612	KO	j.n.UnknownHostException: localhost.fiddler
USER	Get Product Details	32	START	1572590733612	1572590733612
REQUEST	Get Product Details	5		Get all Product Details -->	1572590733623	1572590733623	KO	j.n.UnknownHostException: localhost.fiddler
USER	Get Product Details	5	END	1572590723603	1572590733624
REQUEST	Get Product Details	17		Get Prduct Details by Id	1572590733804	1572590733804	KO	j.n.UnknownHostException: localhost.fiddler
REQUEST	Get Product Details	33		Get all Product Details -->	1572590733861	1572590733861	KO	j.n.UnknownHostException: localhost.fiddler
USER	Get Product Details	33	START	1572590733861	1572590733861
REQUEST	Get Product Details	34		Get all Product Details -->	1572590734111	1572590734111	KO	j.n.UnknownHostException: localhost.fiddler
USER	Get Product Details	34	START	1572590734111	1572590734111
REQUEST	Get Product Details	6		Get all Product Details -->	1572590734132	1572590734132	KO	j.n.UnknownHostException: localhost.fiddler
REQUEST	Get Product Details	18		Get Prduct Details by Id	1572590734132	1572590734132	KO	j.n.UnknownHostException: localhost.fiddler
USER	Get Product Details	6	END	1572590724106	1572590734133
REQUEST	Get Product Details	35		Get all Product Details -->	1572590734356	1572590734356	KO	j.n.UnknownHostException: localhost.fiddler
USER	Get Product Details	35	START	1572590734356	1572590734356
REQUEST	Get Product Details	36		Get all Product Details -->	1572590734601	1572590734601	KO	j.n.UnknownHostException: localhost.fiddler
USER	Get Product Details	36	START	1572590734601	1572590734601
REQUEST	Get Product Details	19		Get Prduct Details by Id	1572590734623	1572590734623	KO	j.n.UnknownHostException: localhost.fiddler
REQUEST	Get Product Details	7		Get all Product Details -->	1572590734633	1572590734633	KO	j.n.UnknownHostException: localhost.fiddler
USER	Get Product Details	7	END	1572590724616	1572590734634
REQUEST	Get Product Details	37		Get all Product Details -->	1572590734851	1572590734851	KO	j.n.UnknownHostException: localhost.fiddler
USER	Get Product Details	37	START	1572590734851	1572590734851
REQUEST	Get Product Details	38		Get all Product Details -->	1572590735105	1572590735105	KO	j.n.UnknownHostException: localhost.fiddler
USER	Get Product Details	38	START	1572590735104	1572590735104
REQUEST	Get Product Details	20		Get Prduct Details by Id	1572590735115	1572590735115	KO	j.n.UnknownHostException: localhost.fiddler
REQUEST	Get Product Details	8		Get all Product Details -->	1572590735146	1572590735146	KO	j.n.UnknownHostException: localhost.fiddler
USER	Get Product Details	8	END	1572590725112	1572590735147
REQUEST	Get Product Details	39		Get all Product Details -->	1572590735361	1572590735361	KO	j.n.UnknownHostException: localhost.fiddler
USER	Get Product Details	39	START	1572590735361	1572590735361
REQUEST	Get Product Details	21		Get Prduct Details by Id	1572590735382	1572590735382	KO	j.n.UnknownHostException: localhost.fiddler
REQUEST	Get Product Details	40		Get all Product Details -->	1572590735615	1572590735615	KO	j.n.UnknownHostException: localhost.fiddler
USER	Get Product Details	40	START	1572590735615	1572590735615
REQUEST	Get Product Details	22		Get Prduct Details by Id	1572590735636	1572590735636	KO	j.n.UnknownHostException: localhost.fiddler
REQUEST	Get Product Details	9		Get all Product Details -->	1572590735636	1572590735636	KO	j.n.UnknownHostException: localhost.fiddler
USER	Get Product Details	9	END	1572590725611	1572590735637
REQUEST	Get Product Details	41		Get all Product Details -->	1572590735865	1572590735865	KO	j.n.UnknownHostException: localhost.fiddler
USER	Get Product Details	41	START	1572590735864	1572590735864
REQUEST	Get Product Details	23		Get Prduct Details by Id	1572590735875	1572590735875	KO	j.n.UnknownHostException: localhost.fiddler
REQUEST	Get Product Details	42		Get all Product Details -->	1572590736113	1572590736113	KO	j.n.UnknownHostException: localhost.fiddler
USER	Get Product Details	42	START	1572590736113	1572590736113
REQUEST	Get Product Details	24		Get Prduct Details by Id	1572590736135	1572590736135	KO	j.n.UnknownHostException: localhost.fiddler
REQUEST	Get Product Details	10		Get all Product Details -->	1572590736145	1572590736145	KO	j.n.UnknownHostException: localhost.fiddler
USER	Get Product Details	10	END	1572590726115	1572590736145
REQUEST	Get Product Details	43		Get all Product Details -->	1572590736364	1572590736364	KO	j.n.UnknownHostException: localhost.fiddler
USER	Get Product Details	43	START	1572590736363	1572590736363
REQUEST	Get Product Details	25		Get Prduct Details by Id	1572590736461	1572590736461	KO	j.n.UnknownHostException: localhost.fiddler
REQUEST	Get Product Details	44		Get all Product Details -->	1572590736615	1572590736615	KO	j.n.UnknownHostException: localhost.fiddler
USER	Get Product Details	44	START	1572590736615	1572590736615
REQUEST	Get Product Details	11		Get all Product Details -->	1572590736648	1572590736648	KO	j.n.UnknownHostException: localhost.fiddler
USER	Get Product Details	11	END	1572590726612	1572590736650
REQUEST	Get Product Details	26		Get Prduct Details by Id	1572590736806	1572590736806	KO	j.n.UnknownHostException: localhost.fiddler
REQUEST	Get Product Details	45		Get all Product Details -->	1572590736863	1572590736863	KO	j.n.UnknownHostException: localhost.fiddler
USER	Get Product Details	45	START	1572590736862	1572590736862
REQUEST	Get Product Details	46		Get all Product Details -->	1572590737112	1572590737112	KO	j.n.UnknownHostException: localhost.fiddler
USER	Get Product Details	46	START	1572590737111	1572590737111
REQUEST	Get Product Details	12		Get all Product Details -->	1572590737122	1572590737122	KO	j.n.UnknownHostException: localhost.fiddler
USER	Get Product Details	12	END	1572590727114	1572590737122
REQUEST	Get Product Details	27		Get Prduct Details by Id	1572590737133	1572590737133	KO	j.n.UnknownHostException: localhost.fiddler
REQUEST	Get Product Details	47		Get all Product Details -->	1572590737316	1572590737316	KO	j.n.UnknownHostException: localhost.fiddler
USER	Get Product Details	47	START	1572590737315	1572590737315
REQUEST	Get Product Details	28		Get Prduct Details by Id	1572590737472	1572590737472	KO	j.n.UnknownHostException: localhost.fiddler
REQUEST	Get Product Details	13		Get all Product Details -->	1572590737472	1572590737472	KO	j.n.UnknownHostException: localhost.fiddler
USER	Get Product Details	13	END	1572590727452	1572590737472
REQUEST	Get Product Details	48		Get all Product Details -->	1572590737513	1572590737513	KO	j.n.UnknownHostException: localhost.fiddler
USER	Get Product Details	48	START	1572590737512	1572590737512
REQUEST	Get Product Details	49		Get all Product Details -->	1572590737715	1572590737715	KO	j.n.UnknownHostException: localhost.fiddler
USER	Get Product Details	49	START	1572590737715	1572590737715
REQUEST	Get Product Details	29		Get Prduct Details by Id	1572590737805	1572590737805	KO	j.n.UnknownHostException: localhost.fiddler
REQUEST	Get Product Details	14		Get all Product Details -->	1572590737805	1572590737805	KO	j.n.UnknownHostException: localhost.fiddler
USER	Get Product Details	14	END	1572590727781	1572590737805
REQUEST	Get Product Details	50		Get all Product Details -->	1572590737915	1572590737915	KO	j.n.UnknownHostException: localhost.fiddler
USER	Get Product Details	50	START	1572590737915	1572590737915
REQUEST	Get Product Details	51		Get all Product Details -->	1572590738114	1572590738114	KO	j.n.UnknownHostException: localhost.fiddler
USER	Get Product Details	51	START	1572590738114	1572590738114
REQUEST	Get Product Details	15		Get all Product Details -->	1572590738134	1572590738134	KO	j.n.UnknownHostException: localhost.fiddler
REQUEST	Get Product Details	30		Get Prduct Details by Id	1572590738134	1572590738134	KO	j.n.UnknownHostException: localhost.fiddler
USER	Get Product Details	15	END	1572590728112	1572590738135
REQUEST	Get Product Details	52		Get all Product Details -->	1572590738317	1572590738317	KO	j.n.UnknownHostException: localhost.fiddler
USER	Get Product Details	52	START	1572590738317	1572590738317
REQUEST	Get Product Details	31		Get Prduct Details by Id	1572590738385	1572590738385	KO	j.n.UnknownHostException: localhost.fiddler
REQUEST	Get Product Details	16		Get all Product Details -->	1572590738483	1572590738483	KO	j.n.UnknownHostException: localhost.fiddler
USER	Get Product Details	16	END	1572590728457	1572590738484
REQUEST	Get Product Details	53		Get all Product Details -->	1572590738515	1572590738515	KO	j.n.UnknownHostException: localhost.fiddler
USER	Get Product Details	53	START	1572590738515	1572590738515
REQUEST	Get Product Details	32		Get Prduct Details by Id	1572590738634	1572590738634	KO	j.n.UnknownHostException: localhost.fiddler
REQUEST	Get Product Details	54		Get all Product Details -->	1572590738712	1572590738712	KO	j.n.UnknownHostException: localhost.fiddler
USER	Get Product Details	54	START	1572590738712	1572590738712
REQUEST	Get Product Details	17		Get all Product Details -->	1572590738806	1572590738806	KO	j.n.UnknownHostException: localhost.fiddler
USER	Get Product Details	17	END	1572590728783	1572590738807
REQUEST	Get Product Details	33		Get Prduct Details by Id	1572590738883	1572590738883	KO	j.n.UnknownHostException: localhost.fiddler
REQUEST	Get Product Details	55		Get all Product Details -->	1572590738916	1572590738916	KO	j.n.UnknownHostException: localhost.fiddler
USER	Get Product Details	55	START	1572590738915	1572590738915
REQUEST	Get Product Details	56		Get all Product Details -->	1572590739111	1572590739111	KO	j.n.UnknownHostException: localhost.fiddler
USER	Get Product Details	56	START	1572590739111	1572590739111
REQUEST	Get Product Details	34		Get Prduct Details by Id	1572590739121	1572590739121	KO	j.n.UnknownHostException: localhost.fiddler
REQUEST	Get Product Details	18		Get all Product Details -->	1572590739131	1572590739131	KO	j.n.UnknownHostException: localhost.fiddler
USER	Get Product Details	18	END	1572590729111	1572590739132
REQUEST	Get Product Details	57		Get all Product Details -->	1572590739306	1572590739306	KO	j.n.UnknownHostException: localhost.fiddler
USER	Get Product Details	57	START	1572590739306	1572590739306
REQUEST	Get Product Details	35		Get Prduct Details by Id	1572590739362	1572590739362	KO	j.n.UnknownHostException: localhost.fiddler
REQUEST	Get Product Details	58		Get all Product Details -->	1572590739502	1572590739502	KO	j.n.UnknownHostException: localhost.fiddler
USER	Get Product Details	58	START	1572590739502	1572590739502
REQUEST	Get Product Details	36		Get Prduct Details by Id	1572590739624	1572590739624	KO	j.n.UnknownHostException: localhost.fiddler
REQUEST	Get Product Details	19		Get all Product Details -->	1572590739624	1572590739624	KO	j.n.UnknownHostException: localhost.fiddler
USER	Get Product Details	19	END	1572590729604	1572590739626
REQUEST	Get Product Details	59		Get all Product Details -->	1572590739703	1572590739703	KO	j.n.UnknownHostException: localhost.fiddler
USER	Get Product Details	59	START	1572590739703	1572590739703
REQUEST	Get Product Details	37		Get Prduct Details by Id	1572590739864	1572590739864	KO	j.n.UnknownHostException: localhost.fiddler
REQUEST	Get Product Details	60		Get all Product Details -->	1572590739906	1572590739906	KO	j.n.UnknownHostException: localhost.fiddler
USER	Get Product Details	60	START	1572590739905	1572590739905
REQUEST	Get Product Details	38		Get Prduct Details by Id	1572590740123	1572590740123	KO	j.n.UnknownHostException: localhost.fiddler
REQUEST	Get Product Details	20		Get all Product Details -->	1572590740133	1572590740133	KO	j.n.UnknownHostException: localhost.fiddler
USER	Get Product Details	20	END	1572590730106	1572590740134
REQUEST	Get Product Details	39		Get Prduct Details by Id	1572590740374	1572590740374	KO	j.n.UnknownHostException: localhost.fiddler
REQUEST	Get Product Details	21		Get all Product Details -->	1572590740395	1572590740395	KO	j.n.UnknownHostException: localhost.fiddler
USER	Get Product Details	21	END	1572590730366	1572590740396
REQUEST	Get Product Details	22		Get all Product Details -->	1572590740626	1572590740626	KO	j.n.UnknownHostException: localhost.fiddler
USER	Get Product Details	22	END	1572590730611	1572590740627
REQUEST	Get Product Details	40		Get Prduct Details by Id	1572590740636	1572590740636	KO	j.n.UnknownHostException: localhost.fiddler
REQUEST	Get Product Details	23		Get all Product Details -->	1572590740886	1572590740886	KO	j.n.UnknownHostException: localhost.fiddler
USER	Get Product Details	23	END	1572590730861	1572590740887
REQUEST	Get Product Details	41		Get Prduct Details by Id	1572590740886	1572590740886	KO	j.n.UnknownHostException: localhost.fiddler
REQUEST	Get Product Details	42		Get Prduct Details by Id	1572590741122	1572590741122	KO	j.n.UnknownHostException: localhost.fiddler
REQUEST	Get Product Details	24		Get all Product Details -->	1572590741133	1572590741133	KO	j.n.UnknownHostException: localhost.fiddler
USER	Get Product Details	24	END	1572590731112	1572590741134
REQUEST	Get Product Details	43		Get Prduct Details by Id	1572590741382	1572590741382	KO	j.n.UnknownHostException: localhost.fiddler
REQUEST	Get Product Details	25		Get all Product Details -->	1572590741487	1572590741487	KO	j.n.UnknownHostException: localhost.fiddler
USER	Get Product Details	25	END	1572590731456	1572590741489
REQUEST	Get Product Details	44		Get Prduct Details by Id	1572590741623	1572590741623	KO	j.n.UnknownHostException: localhost.fiddler
REQUEST	Get Product Details	26		Get all Product Details -->	1572590741805	1572590741805	KO	j.n.UnknownHostException: localhost.fiddler
USER	Get Product Details	26	END	1572590731784	1572590741806
REQUEST	Get Product Details	45		Get Prduct Details by Id	1572590741886	1572590741886	KO	j.n.UnknownHostException: localhost.fiddler
REQUEST	Get Product Details	46		Get Prduct Details by Id	1572590742136	1572590742136	KO	j.n.UnknownHostException: localhost.fiddler
REQUEST	Get Product Details	27		Get all Product Details -->	1572590742146	1572590742146	KO	j.n.UnknownHostException: localhost.fiddler
USER	Get Product Details	27	END	1572590732114	1572590742146
REQUEST	Get Product Details	47		Get Prduct Details by Id	1572590742336	1572590742336	KO	j.n.UnknownHostException: localhost.fiddler
REQUEST	Get Product Details	28		Get all Product Details -->	1572590742486	1572590742486	KO	j.n.UnknownHostException: localhost.fiddler
USER	Get Product Details	28	END	1572590732455	1572590742487
REQUEST	Get Product Details	48		Get Prduct Details by Id	1572590742531	1572590742531	KO	j.n.UnknownHostException: localhost.fiddler
REQUEST	Get Product Details	49		Get Prduct Details by Id	1572590742731	1572590742731	KO	j.n.UnknownHostException: localhost.fiddler
REQUEST	Get Product Details	29		Get all Product Details -->	1572590742805	1572590742805	KO	j.n.UnknownHostException: localhost.fiddler
USER	Get Product Details	29	END	1572590732784	1572590742806
REQUEST	Get Product Details	50		Get Prduct Details by Id	1572590742935	1572590742935	KO	j.n.UnknownHostException: localhost.fiddler
REQUEST	Get Product Details	51		Get Prduct Details by Id	1572590743136	1572590743136	KO	j.n.UnknownHostException: localhost.fiddler
REQUEST	Get Product Details	30		Get all Product Details -->	1572590743136	1572590743136	KO	j.n.UnknownHostException: localhost.fiddler
USER	Get Product Details	30	END	1572590733111	1572590743137
REQUEST	Get Product Details	52		Get Prduct Details by Id	1572590743323	1572590743323	KO	j.n.UnknownHostException: localhost.fiddler
