RUN	simulations.RampUserSimulation		rampusersimulation	1572588918846	 	2.0
USER	Get Product Details	1	START	1572588925462	1572588925462
REQUEST	Get Product Details	1		Get all Product Details -->	1572588925487	1572588925503	OK	 
USER	Get Product Details	2	START	1572588926470	1572588926470
REQUEST	Get Product Details	2		Get all Product Details -->	1572588926470	1572588926478	OK	 
USER	Get Product Details	3	START	1572588927469	1572588927469
REQUEST	Get Product Details	3		Get all Product Details -->	1572588927469	1572588927476	OK	 
USER	Get Product Details	4	START	1572588928454	1572588928454
REQUEST	Get Product Details	4		Get all Product Details -->	1572588928454	1572588928542	OK	 
USER	Get Product Details	5	START	1572588928959	1572588928959
REQUEST	Get Product Details	5		Get all Product Details -->	1572588928960	1572588928967	OK	 
USER	Get Product Details	6	START	1572588929459	1572588929459
REQUEST	Get Product Details	6		Get all Product Details -->	1572588929460	1572588929466	OK	 
USER	Get Product Details	7	START	1572588929971	1572588929971
REQUEST	Get Product Details	7		Get all Product Details -->	1572588929971	1572588929980	OK	 
USER	Get Product Details	8	START	1572588930474	1572588930474
REQUEST	Get Product Details	8		Get all Product Details -->	1572588930475	1572588930481	OK	 
REQUEST	Get Product Details	1		Get Prduct Details by Id	1572588930511	1572588930517	OK	 
USER	Get Product Details	9	START	1572588930974	1572588930974
REQUEST	Get Product Details	9		Get all Product Details -->	1572588930975	1572588930981	OK	 
USER	Get Product Details	10	START	1572588931469	1572588931469
REQUEST	Get Product Details	10		Get all Product Details -->	1572588931470	1572588931479	OK	 
REQUEST	Get Product Details	2		Get Prduct Details by Id	1572588931493	1572588931509	OK	 
USER	Get Product Details	11	START	1572588931950	1572588931950
REQUEST	Get Product Details	11		Get all Product Details -->	1572588931951	1572588931957	OK	 
USER	Get Product Details	12	START	1572588932451	1572588932451
REQUEST	Get Product Details	12		Get all Product Details -->	1572588932451	1572588932458	OK	 
REQUEST	Get Product Details	3		Get Prduct Details by Id	1572588932495	1572588932500	OK	 
USER	Get Product Details	13	START	1572588932800	1572588932800
REQUEST	Get Product Details	13		Get all Product Details -->	1572588932801	1572588932806	OK	 
USER	Get Product Details	14	START	1572588933130	1572588933130
REQUEST	Get Product Details	14		Get all Product Details -->	1572588933131	1572588933138	OK	 
USER	Get Product Details	15	START	1572588933472	1572588933472
REQUEST	Get Product Details	15		Get all Product Details -->	1572588933473	1572588933479	OK	 
REQUEST	Get Product Details	4		Get Prduct Details by Id	1572588933562	1572588933567	OK	 
USER	Get Product Details	16	START	1572588933800	1572588933800
REQUEST	Get Product Details	16		Get all Product Details -->	1572588933801	1572588933808	OK	 
REQUEST	Get Product Details	5		Get Prduct Details by Id	1572588933984	1572588933990	OK	 
USER	Get Product Details	17	START	1572588934129	1572588934129
REQUEST	Get Product Details	17		Get all Product Details -->	1572588934130	1572588934138	OK	 
USER	Get Product Details	18	START	1572588934472	1572588934472
REQUEST	Get Product Details	18		Get all Product Details -->	1572588934473	1572588934487	OK	 
REQUEST	Get Product Details	6		Get Prduct Details by Id	1572588934485	1572588934498	OK	 
USER	Get Product Details	19	START	1572588934974	1572588934974
REQUEST	Get Product Details	19		Get all Product Details -->	1572588934974	1572588934981	OK	 
REQUEST	Get Product Details	7		Get Prduct Details by Id	1572588934989	1572588934996	OK	 
USER	Get Product Details	20	START	1572588935475	1572588935475
REQUEST	Get Product Details	20		Get all Product Details -->	1572588935475	1572588935481	OK	 
REQUEST	Get Product Details	8		Get Prduct Details by Id	1572588935499	1572588935504	OK	 
REQUEST	Get Product Details	1		Get all Product Details -->	1572588935531	1572588935536	OK	 
USER	Get Product Details	1	END	1572588925462	1572588935538
USER	Get Product Details	21	START	1572588935715	1572588935715
REQUEST	Get Product Details	21		Get all Product Details -->	1572588935715	1572588935721	OK	 
USER	Get Product Details	22	START	1572588935964	1572588935964
REQUEST	Get Product Details	22		Get all Product Details -->	1572588935964	1572588935971	OK	 
REQUEST	Get Product Details	9		Get Prduct Details by Id	1572588935999	1572588936004	OK	 
USER	Get Product Details	23	START	1572588936214	1572588936214
REQUEST	Get Product Details	23		Get all Product Details -->	1572588936214	1572588936220	OK	 
USER	Get Product Details	24	START	1572588936463	1572588936463
REQUEST	Get Product Details	24		Get all Product Details -->	1572588936463	1572588936469	OK	 
REQUEST	Get Product Details	10		Get Prduct Details by Id	1572588936494	1572588936499	OK	 
REQUEST	Get Product Details	2		Get all Product Details -->	1572588936519	1572588936524	OK	 
USER	Get Product Details	2	END	1572588926470	1572588936524
USER	Get Product Details	25	START	1572588936801	1572588936801
REQUEST	Get Product Details	25		Get all Product Details -->	1572588936801	1572588936807	OK	 
REQUEST	Get Product Details	11		Get Prduct Details by Id	1572588936973	1572588936978	OK	 
USER	Get Product Details	26	START	1572588937130	1572588937130
REQUEST	Get Product Details	26		Get all Product Details -->	1572588937130	1572588937137	OK	 
USER	Get Product Details	27	START	1572588937474	1572588937474
REQUEST	Get Product Details	12		Get Prduct Details by Id	1572588937474	1572588937479	OK	 
REQUEST	Get Product Details	27		Get all Product Details -->	1572588937474	1572588937479	OK	 
REQUEST	Get Product Details	3		Get all Product Details -->	1572588937510	1572588937514	OK	 
USER	Get Product Details	3	END	1572588927469	1572588937514
USER	Get Product Details	28	START	1572588937800	1572588937800
REQUEST	Get Product Details	28		Get all Product Details -->	1572588937801	1572588937823	OK	 
REQUEST	Get Product Details	13		Get Prduct Details by Id	1572588937822	1572588937841	OK	 
USER	Get Product Details	29	START	1572588938130	1572588938130
REQUEST	Get Product Details	29		Get all Product Details -->	1572588938130	1572588938147	OK	 
REQUEST	Get Product Details	14		Get Prduct Details by Id	1572588938152	1572588938160	OK	 
USER	Get Product Details	30	START	1572588938462	1572588938462
REQUEST	Get Product Details	30		Get all Product Details -->	1572588938463	1572588938474	OK	 
REQUEST	Get Product Details	15		Get Prduct Details by Id	1572588938494	1572588938502	OK	 
REQUEST	Get Product Details	4		Get all Product Details -->	1572588938561	1572588938569	OK	 
USER	Get Product Details	4	END	1572588928454	1572588938570
USER	Get Product Details	31	START	1572588938724	1572588938724
REQUEST	Get Product Details	31		Get all Product Details -->	1572588938725	1572588938741	OK	 
REQUEST	Get Product Details	16		Get Prduct Details by Id	1572588938823	1572588938837	OK	 
USER	Get Product Details	32	START	1572588938971	1572588938971
REQUEST	Get Product Details	32		Get all Product Details -->	1572588938971	1572588938981	OK	 
REQUEST	Get Product Details	5		Get all Product Details -->	1572588938992	1572588938997	OK	 
USER	Get Product Details	5	END	1572588928959	1572588938997
REQUEST	Get Product Details	17		Get Prduct Details by Id	1572588939153	1572588939178	OK	 
USER	Get Product Details	33	START	1572588939219	1572588939219
REQUEST	Get Product Details	33		Get all Product Details -->	1572588939220	1572588939225	OK	 
USER	Get Product Details	34	START	1572588939469	1572588939469
REQUEST	Get Product Details	34		Get all Product Details -->	1572588939469	1572588939474	OK	 
REQUEST	Get Product Details	6		Get all Product Details -->	1572588939500	1572588939507	OK	 
USER	Get Product Details	6	END	1572588929459	1572588939508
REQUEST	Get Product Details	18		Get Prduct Details by Id	1572588939500	1572588939511	OK	 
USER	Get Product Details	35	START	1572588939711	1572588939711
REQUEST	Get Product Details	35		Get all Product Details -->	1572588939712	1572588939728	OK	 
USER	Get Product Details	36	START	1572588939963	1572588939963
REQUEST	Get Product Details	36		Get all Product Details -->	1572588939963	1572588939981	OK	 
REQUEST	Get Product Details	19		Get Prduct Details by Id	1572588939990	1572588939998	OK	 
REQUEST	Get Product Details	7		Get all Product Details -->	1572588940010	1572588940015	OK	 
USER	Get Product Details	7	END	1572588929971	1572588940016
USER	Get Product Details	37	START	1572588940214	1572588940214
REQUEST	Get Product Details	37		Get all Product Details -->	1572588940214	1572588940225	OK	 
USER	Get Product Details	38	START	1572588940465	1572588940465
REQUEST	Get Product Details	38		Get all Product Details -->	1572588940466	1572588940493	OK	 
REQUEST	Get Product Details	20		Get Prduct Details by Id	1572588940491	1572588940498	OK	 
REQUEST	Get Product Details	8		Get all Product Details -->	1572588940501	1572588940506	OK	 
USER	Get Product Details	8	END	1572588930474	1572588940507
USER	Get Product Details	39	START	1572588940712	1572588940712
REQUEST	Get Product Details	39		Get all Product Details -->	1572588940713	1572588940729	OK	 
REQUEST	Get Product Details	21		Get Prduct Details by Id	1572588940735	1572588940743	OK	 
USER	Get Product Details	40	START	1572588940964	1572588940964
REQUEST	Get Product Details	40		Get all Product Details -->	1572588940965	1572588940991	OK	 
REQUEST	Get Product Details	22		Get Prduct Details by Id	1572588940980	1572588941001	OK	 
REQUEST	Get Product Details	9		Get all Product Details -->	1572588941000	1572588941008	OK	 
USER	Get Product Details	9	END	1572588930974	1572588941010
USER	Get Product Details	41	START	1572588941209	1572588941209
REQUEST	Get Product Details	41		Get all Product Details -->	1572588941210	1572588941231	OK	 
REQUEST	Get Product Details	23		Get Prduct Details by Id	1572588941238	1572588941247	OK	 
USER	Get Product Details	42	START	1572588941459	1572588941459
REQUEST	Get Product Details	42		Get all Product Details -->	1572588941459	1572588941466	OK	 
REQUEST	Get Product Details	24		Get Prduct Details by Id	1572588941481	1572588941486	OK	 
REQUEST	Get Product Details	10		Get all Product Details -->	1572588941501	1572588941506	OK	 
USER	Get Product Details	10	END	1572588931469	1572588941506
USER	Get Product Details	43	START	1572588941720	1572588941720
REQUEST	Get Product Details	43		Get all Product Details -->	1572588941720	1572588941736	OK	 
REQUEST	Get Product Details	25		Get Prduct Details by Id	1572588941823	1572588941845	OK	 
USER	Get Product Details	44	START	1572588941974	1572588941974
REQUEST	Get Product Details	44		Get all Product Details -->	1572588941975	1572588941991	OK	 
REQUEST	Get Product Details	11		Get all Product Details -->	1572588941985	1572588941994	OK	 
USER	Get Product Details	11	END	1572588931950	1572588941996
REQUEST	Get Product Details	26		Get Prduct Details by Id	1572588942149	1572588942154	OK	 
USER	Get Product Details	45	START	1572588942224	1572588942224
REQUEST	Get Product Details	45		Get all Product Details -->	1572588942224	1572588942230	OK	 
USER	Get Product Details	46	START	1572588942473	1572588942473
REQUEST	Get Product Details	46		Get all Product Details -->	1572588942474	1572588942479	OK	 
REQUEST	Get Product Details	12		Get all Product Details -->	1572588942485	1572588942489	OK	 
USER	Get Product Details	12	END	1572588932451	1572588942490
REQUEST	Get Product Details	27		Get Prduct Details by Id	1572588942490	1572588942495	OK	 
USER	Get Product Details	47	START	1572588942660	1572588942660
REQUEST	Get Product Details	47		Get all Product Details -->	1572588942660	1572588942678	OK	 
REQUEST	Get Product Details	28		Get Prduct Details by Id	1572588942844	1572588942854	OK	 
REQUEST	Get Product Details	13		Get all Product Details -->	1572588942844	1572588942858	OK	 
USER	Get Product Details	13	END	1572588932800	1572588942859
USER	Get Product Details	48	START	1572588942865	1572588942865
REQUEST	Get Product Details	48		Get all Product Details -->	1572588942865	1572588942875	OK	 
USER	Get Product Details	49	START	1572588943064	1572588943064
REQUEST	Get Product Details	49		Get all Product Details -->	1572588943064	1572588943081	OK	 
REQUEST	Get Product Details	29		Get Prduct Details by Id	1572588943160	1572588943169	OK	 
REQUEST	Get Product Details	14		Get all Product Details -->	1572588943160	1572588943173	OK	 
USER	Get Product Details	14	END	1572588933130	1572588943174
USER	Get Product Details	50	START	1572588943265	1572588943265
REQUEST	Get Product Details	50		Get all Product Details -->	1572588943265	1572588943271	OK	 
USER	Get Product Details	51	START	1572588943460	1572588943460
REQUEST	Get Product Details	51		Get all Product Details -->	1572588943460	1572588943480	OK	 
REQUEST	Get Product Details	30		Get Prduct Details by Id	1572588943490	1572588943497	OK	 
REQUEST	Get Product Details	15		Get all Product Details -->	1572588943511	1572588943517	OK	 
USER	Get Product Details	15	END	1572588933472	1572588943518
USER	Get Product Details	52	START	1572588943673	1572588943673
REQUEST	Get Product Details	52		Get all Product Details -->	1572588943673	1572588943689	OK	 
REQUEST	Get Product Details	31		Get Prduct Details by Id	1572588943750	1572588943763	OK	 
REQUEST	Get Product Details	16		Get all Product Details -->	1572588943843	1572588943856	OK	 
USER	Get Product Details	16	END	1572588933800	1572588943859
USER	Get Product Details	53	START	1572588943871	1572588943871
REQUEST	Get Product Details	53		Get all Product Details -->	1572588943871	1572588943884	OK	 
REQUEST	Get Product Details	32		Get Prduct Details by Id	1572588944004	1572588944009	OK	 
USER	Get Product Details	54	START	1572588944071	1572588944071
REQUEST	Get Product Details	54		Get all Product Details -->	1572588944072	1572588944092	OK	 
REQUEST	Get Product Details	17		Get all Product Details -->	1572588944183	1572588944190	OK	 
USER	Get Product Details	17	END	1572588934129	1572588944190
REQUEST	Get Product Details	33		Get Prduct Details by Id	1572588944239	1572588944244	OK	 
USER	Get Product Details	55	START	1572588944271	1572588944271
REQUEST	Get Product Details	55		Get all Product Details -->	1572588944271	1572588944278	OK	 
USER	Get Product Details	56	START	1572588944471	1572588944471
REQUEST	Get Product Details	56		Get all Product Details -->	1572588944471	1572588944476	OK	 
REQUEST	Get Product Details	34		Get Prduct Details by Id	1572588944492	1572588944497	OK	 
REQUEST	Get Product Details	18		Get all Product Details -->	1572588944524	1572588944529	OK	 
USER	Get Product Details	18	END	1572588934472	1572588944529
USER	Get Product Details	57	START	1572588944674	1572588944674
REQUEST	Get Product Details	57		Get all Product Details -->	1572588944674	1572588944680	OK	 
REQUEST	Get Product Details	35		Get Prduct Details by Id	1572588944742	1572588944747	OK	 
USER	Get Product Details	58	START	1572588944873	1572588944873
REQUEST	Get Product Details	58		Get all Product Details -->	1572588944873	1572588944878	OK	 
REQUEST	Get Product Details	36		Get Prduct Details by Id	1572588944992	1572588945003	OK	 
REQUEST	Get Product Details	19		Get all Product Details -->	1572588945013	1572588945025	OK	 
USER	Get Product Details	19	END	1572588934974	1572588945026
USER	Get Product Details	59	START	1572588945073	1572588945073
REQUEST	Get Product Details	59		Get all Product Details -->	1572588945073	1572588945084	OK	 
REQUEST	Get Product Details	37		Get Prduct Details by Id	1572588945234	1572588945248	OK	 
USER	Get Product Details	60	START	1572588945270	1572588945270
REQUEST	Get Product Details	60		Get all Product Details -->	1572588945270	1572588945279	OK	 
REQUEST	Get Product Details	38		Get Prduct Details by Id	1572588945510	1572588945516	OK	 
REQUEST	Get Product Details	20		Get all Product Details -->	1572588945510	1572588945518	OK	 
USER	Get Product Details	20	END	1572588935475	1572588945519
REQUEST	Get Product Details	39		Get Prduct Details by Id	1572588945742	1572588945748	OK	 
REQUEST	Get Product Details	21		Get all Product Details -->	1572588945752	1572588945757	OK	 
USER	Get Product Details	21	END	1572588935715	1572588945758
REQUEST	Get Product Details	40		Get Prduct Details by Id	1572588946016	1572588946023	OK	 
REQUEST	Get Product Details	22		Get all Product Details -->	1572588946021	1572588946024	OK	 
USER	Get Product Details	22	END	1572588935964	1572588946026
REQUEST	Get Product Details	23		Get all Product Details -->	1572588946250	1572588946254	OK	 
USER	Get Product Details	23	END	1572588936214	1572588946255
REQUEST	Get Product Details	41		Get Prduct Details by Id	1572588946250	1572588946259	OK	 
REQUEST	Get Product Details	42		Get Prduct Details by Id	1572588946483	1572588946488	OK	 
REQUEST	Get Product Details	24		Get all Product Details -->	1572588946494	1572588946498	OK	 
USER	Get Product Details	24	END	1572588936463	1572588946498
REQUEST	Get Product Details	43		Get Prduct Details by Id	1572588946752	1572588946769	OK	 
REQUEST	Get Product Details	25		Get all Product Details -->	1572588946851	1572588946862	OK	 
USER	Get Product Details	25	END	1572588936801	1572588946864
REQUEST	Get Product Details	44		Get Prduct Details by Id	1572588947003	1572588947009	OK	 
REQUEST	Get Product Details	26		Get all Product Details -->	1572588947165	1572588947183	OK	 
USER	Get Product Details	26	END	1572588937130	1572588947184
REQUEST	Get Product Details	45		Get Prduct Details by Id	1572588947242	1572588947250	OK	 
REQUEST	Get Product Details	46		Get Prduct Details by Id	1572588947494	1572588947506	OK	 
REQUEST	Get Product Details	27		Get all Product Details -->	1572588947504	1572588947525	OK	 
USER	Get Product Details	27	END	1572588937474	1572588947527
REQUEST	Get Product Details	47		Get Prduct Details by Id	1572588947692	1572588947706	OK	 
REQUEST	Get Product Details	28		Get all Product Details -->	1572588947854	1572588947873	OK	 
USER	Get Product Details	28	END	1572588937800	1572588947875
REQUEST	Get Product Details	48		Get Prduct Details by Id	1572588947880	1572588947895	OK	 
REQUEST	Get Product Details	49		Get Prduct Details by Id	1572588948091	1572588948104	OK	 
REQUEST	Get Product Details	29		Get all Product Details -->	1572588948175	1572588948188	OK	 
USER	Get Product Details	29	END	1572588938130	1572588948190
REQUEST	Get Product Details	50		Get Prduct Details by Id	1572588948293	1572588948301	OK	 
REQUEST	Get Product Details	51		Get Prduct Details by Id	1572588948502	1572588948506	OK	 
REQUEST	Get Product Details	30		Get all Product Details -->	1572588948502	1572588948509	OK	 
USER	Get Product Details	30	END	1572588938462	1572588948509
REQUEST	Get Product Details	52		Get Prduct Details by Id	1572588948700	1572588948714	OK	 
REQUEST	Get Product Details	31		Get all Product Details -->	1572588948781	1572588948794	OK	 
USER	Get Product Details	31	END	1572588938724	1572588948796
REQUEST	Get Product Details	53		Get Prduct Details by Id	1572588948901	1572588948915	OK	 
REQUEST	Get Product Details	32		Get all Product Details -->	1572588949000	1572588949008	OK	 
USER	Get Product Details	32	END	1572588938971	1572588949009
REQUEST	Get Product Details	54		Get Prduct Details by Id	1572588949100	1572588949114	OK	 
REQUEST	Get Product Details	33		Get all Product Details -->	1572588949244	1572588949251	OK	 
USER	Get Product Details	33	END	1572588939219	1572588949251
REQUEST	Get Product Details	55		Get Prduct Details by Id	1572588949290	1572588949295	OK	 
REQUEST	Get Product Details	56		Get Prduct Details by Id	1572588949494	1572588949510	OK	 
REQUEST	Get Product Details	34		Get all Product Details -->	1572588949505	1572588949513	OK	 
USER	Get Product Details	34	END	1572588939469	1572588949514
REQUEST	Get Product Details	57		Get Prduct Details by Id	1572588949690	1572588949705	OK	 
REQUEST	Get Product Details	35		Get all Product Details -->	1572588949750	1572588949755	OK	 
USER	Get Product Details	35	END	1572588939711	1572588949756
REQUEST	Get Product Details	58		Get Prduct Details by Id	1572588949891	1572588949902	OK	 
REQUEST	Get Product Details	36		Get all Product Details -->	1572588950010	1572588950029	OK	 
USER	Get Product Details	36	END	1572588939963	1572588950031
REQUEST	Get Product Details	59		Get Prduct Details by Id	1572588950092	1572588950108	OK	 
REQUEST	Get Product Details	37		Get all Product Details -->	1572588950254	1572588950268	OK	 
USER	Get Product Details	37	END	1572588940214	1572588950270
REQUEST	Get Product Details	60		Get Prduct Details by Id	1572588950289	1572588950296	OK	 
REQUEST	Get Product Details	38		Get all Product Details -->	1572588950524	1572588950537	OK	 
USER	Get Product Details	38	END	1572588940465	1572588950539
REQUEST	Get Product Details	39		Get all Product Details -->	1572588950752	1572588950776	OK	 
USER	Get Product Details	39	END	1572588940712	1572588950778
REQUEST	Get Product Details	40		Get all Product Details -->	1572588951021	1572588951033	OK	 
USER	Get Product Details	40	END	1572588940964	1572588951034
REQUEST	Get Product Details	41		Get all Product Details -->	1572588951254	1572588951273	OK	 
USER	Get Product Details	41	END	1572588941209	1572588951274
REQUEST	Get Product Details	42		Get all Product Details -->	1572588951494	1572588951507	OK	 
USER	Get Product Details	42	END	1572588941459	1572588951509
REQUEST	Get Product Details	43		Get all Product Details -->	1572588951769	1572588951774	OK	 
USER	Get Product Details	43	END	1572588941720	1572588951774
REQUEST	Get Product Details	44		Get all Product Details -->	1572588952011	1572588952020	OK	 
USER	Get Product Details	44	END	1572588941974	1572588952021
REQUEST	Get Product Details	45		Get all Product Details -->	1572588952254	1572588952265	OK	 
USER	Get Product Details	45	END	1572588942224	1572588952266
REQUEST	Get Product Details	46		Get all Product Details -->	1572588952512	1572588952516	OK	 
USER	Get Product Details	46	END	1572588942473	1572588952517
REQUEST	Get Product Details	47		Get all Product Details -->	1572588952710	1572588952722	OK	 
USER	Get Product Details	47	END	1572588942660	1572588952723
REQUEST	Get Product Details	48		Get all Product Details -->	1572588952911	1572588952930	OK	 
USER	Get Product Details	48	END	1572588942865	1572588952931
REQUEST	Get Product Details	49		Get all Product Details -->	1572588953112	1572588953120	OK	 
USER	Get Product Details	49	END	1572588943064	1572588953121
REQUEST	Get Product Details	50		Get all Product Details -->	1572588953290	1572588953296	OK	 
USER	Get Product Details	50	END	1572588943265	1572588953297
REQUEST	Get Product Details	51		Get all Product Details -->	1572588953501	1572588953509	OK	 
USER	Get Product Details	51	END	1572588943460	1572588953511
REQUEST	Get Product Details	52		Get all Product Details -->	1572588953721	1572588953736	OK	 
USER	Get Product Details	52	END	1572588943673	1572588953737
REQUEST	Get Product Details	53		Get all Product Details -->	1572588953922	1572588953941	OK	 
USER	Get Product Details	53	END	1572588943871	1572588953943
REQUEST	Get Product Details	54		Get all Product Details -->	1572588954130	1572588954138	OK	 
USER	Get Product Details	54	END	1572588944071	1572588954139
REQUEST	Get Product Details	55		Get all Product Details -->	1572588954302	1572588954315	OK	 
USER	Get Product Details	55	END	1572588944271	1572588954316
REQUEST	Get Product Details	56		Get all Product Details -->	1572588954514	1572588954536	OK	 
USER	Get Product Details	56	END	1572588944471	1572588954538
REQUEST	Get Product Details	57		Get all Product Details -->	1572588954711	1572588954715	OK	 
USER	Get Product Details	57	END	1572588944674	1572588954715
REQUEST	Get Product Details	58		Get all Product Details -->	1572588954912	1572588954920	OK	 
USER	Get Product Details	58	END	1572588944873	1572588954920
REQUEST	Get Product Details	59		Get all Product Details -->	1572588955123	1572588955143	OK	 
USER	Get Product Details	59	END	1572588945073	1572588955144
REQUEST	Get Product Details	60		Get all Product Details -->	1572588955300	1572588955304	OK	 
USER	Get Product Details	60	END	1572588945270	1572588955305
