RUN	simulations.BasicLoadSimulation		basicloadsimulation	1572584581068	 	2.0
USER	Get Product Details	6	START	1572584588570	1572584588570
USER	Get Product Details	3	START	1572584588570	1572584588570
USER	Get Product Details	5	START	1572584588570	1572584588570
USER	Get Product Details	2	START	1572584588570	1572584588570
USER	Get Product Details	1	START	1572584588570	1572584588570
USER	Get Product Details	4	START	1572584588570	1572584588570
REQUEST	Get Product Details	2		Get all Product Details -->	1572584588636	1572584589103	OK	 
REQUEST	Get Product Details	1		Get all Product Details -->	1572584588636	1572584589088	OK	 
REQUEST	Get Product Details	6		Get all Product Details -->	1572584588636	1572584589085	OK	 
REQUEST	Get Product Details	4		Get all Product Details -->	1572584588636	1572584589085	OK	 
REQUEST	Get Product Details	5		Get all Product Details -->	1572584588636	1572584589098	OK	 
REQUEST	Get Product Details	3		Get all Product Details -->	1572584588636	1572584589084	OK	 
USER	Get Product Details	7	START	1572584589559	1572584589559
REQUEST	Get Product Details	7		Get all Product Details -->	1572584589559	1572584589567	OK	 
USER	Get Product Details	8	START	1572584590556	1572584590556
REQUEST	Get Product Details	8		Get all Product Details -->	1572584590556	1572584590563	OK	 
USER	Get Product Details	9	START	1572584591556	1572584591556
REQUEST	Get Product Details	9		Get all Product Details -->	1572584591556	1572584591563	OK	 
USER	Get Product Details	10	START	1572584592555	1572584592555
REQUEST	Get Product Details	10		Get all Product Details -->	1572584592556	1572584592563	OK	 
USER	Get Product Details	11	START	1572584593546	1572584593546
REQUEST	Get Product Details	11		Get all Product Details -->	1572584593546	1572584593553	OK	 
REQUEST	Get Product Details	1		Get Prduct Details by Id	1572584594119	1572584594137	OK	 
REQUEST	Get Product Details	6		Get Prduct Details by Id	1572584594106	1572584594140	OK	 
REQUEST	Get Product Details	4		Get Prduct Details by Id	1572584594106	1572584594139	OK	 
REQUEST	Get Product Details	3		Get Prduct Details by Id	1572584594106	1572584594141	OK	 
REQUEST	Get Product Details	2		Get Prduct Details by Id	1572584594132	1572584594142	OK	 
REQUEST	Get Product Details	5		Get Prduct Details by Id	1572584594130	1572584594147	OK	 
USER	Get Product Details	12	START	1572584594560	1572584594560
REQUEST	Get Product Details	12		Get all Product Details -->	1572584594561	1572584594568	OK	 
REQUEST	Get Product Details	7		Get Prduct Details by Id	1572584594576	1572584594582	OK	 
USER	Get Product Details	13	START	1572584595558	1572584595558
REQUEST	Get Product Details	13		Get all Product Details -->	1572584595559	1572584595564	OK	 
REQUEST	Get Product Details	8		Get Prduct Details by Id	1572584595580	1572584595585	OK	 
USER	Get Product Details	14	START	1572584596555	1572584596555
REQUEST	Get Product Details	14		Get all Product Details -->	1572584596556	1572584596562	OK	 
REQUEST	Get Product Details	9		Get Prduct Details by Id	1572584596577	1572584596583	OK	 
USER	Get Product Details	15	START	1572584597546	1572584597546
REQUEST	Get Product Details	15		Get all Product Details -->	1572584597547	1572584597564	OK	 
REQUEST	Get Product Details	10		Get Prduct Details by Id	1572584597579	1572584597594	OK	 
REQUEST	Get Product Details	11		Get Prduct Details by Id	1572584598567	1572584598583	OK	 
REQUEST	Get Product Details	1		Get all Product Details -->	1572584599120	1572584599135	OK	 
USER	Get Product Details	1	END	1572584588570	1572584599142
REQUEST	Get Product Details	6		Get all Product Details -->	1572584599130	1572584599152	OK	 
USER	Get Product Details	6	END	1572584588570	1572584599154
REQUEST	Get Product Details	4		Get all Product Details -->	1572584599135	1572584599160	OK	 
USER	Get Product Details	4	END	1572584588570	1572584599162
REQUEST	Get Product Details	3		Get all Product Details -->	1572584599135	1572584599162	OK	 
USER	Get Product Details	3	END	1572584588570	1572584599162
REQUEST	Get Product Details	2		Get all Product Details -->	1572584599156	1572584599167	OK	 
USER	Get Product Details	2	END	1572584588570	1572584599168
REQUEST	Get Product Details	5		Get all Product Details -->	1572584599164	1572584599172	OK	 
USER	Get Product Details	5	END	1572584588570	1572584599173
REQUEST	Get Product Details	12		Get Prduct Details by Id	1572584599576	1572584599589	OK	 
REQUEST	Get Product Details	7		Get all Product Details -->	1572584599586	1572584599599	OK	 
USER	Get Product Details	7	END	1572584589559	1572584599601
REQUEST	Get Product Details	13		Get Prduct Details by Id	1572584600578	1572584600591	OK	 
REQUEST	Get Product Details	8		Get all Product Details -->	1572584600588	1572584600603	OK	 
USER	Get Product Details	8	END	1572584590556	1572584600604
REQUEST	Get Product Details	9		Get all Product Details -->	1572584601588	1572584601599	OK	 
USER	Get Product Details	9	END	1572584591556	1572584601601
REQUEST	Get Product Details	14		Get Prduct Details by Id	1572584601581	1572584601606	OK	 
REQUEST	Get Product Details	15		Get Prduct Details by Id	1572584602576	1572584602592	OK	 
REQUEST	Get Product Details	10		Get all Product Details -->	1572584602596	1572584602608	OK	 
USER	Get Product Details	10	END	1572584592555	1572584602610
REQUEST	Get Product Details	11		Get all Product Details -->	1572584603588	1572584603602	OK	 
USER	Get Product Details	11	END	1572584593546	1572584603604
REQUEST	Get Product Details	12		Get all Product Details -->	1572584604607	1572584604619	OK	 
USER	Get Product Details	12	END	1572584594560	1572584604621
REQUEST	Get Product Details	13		Get all Product Details -->	1572584605599	1572584605613	OK	 
USER	Get Product Details	13	END	1572584595558	1572584605615
REQUEST	Get Product Details	14		Get all Product Details -->	1572584606596	1572584606606	OK	 
USER	Get Product Details	14	END	1572584596555	1572584606607
REQUEST	Get Product Details	15		Get all Product Details -->	1572584607596	1572584607601	OK	 
USER	Get Product Details	15	END	1572584597546	1572584607601
